2022/07/16 21:27:24 [/ec-cube2/html/manage/index.php] access error. from ::1
2022/07/16 21:27:24 [/ec-cube2/html/manage/index.php] login: user=pugachev2011(2) auth=0 lastlogin= sid= from ::1
2022/07/16 21:27:24 [/ec-cube2/html/manage/home.php] access : user=pugachev2011 auth=0 sid=7c12ec67 from ::1
2022/07/16 21:27:25 [/ec-cube2/html/manage/index.php] access : user=pugachev2011 auth=0 sid=6cbb2da7 from ::1
2022/07/16 21:27:25 [/ec-cube2/html/manage/index.php] login: user=pugachev2011(2) auth=0 lastlogin=2022-07-16 21:27:24 sid=6cbb2da7 from ::1
2022/07/16 21:27:25 [/ec-cube2/html/manage/home.php] access : user=pugachev2011 auth=0 sid=6cbb2da7 from ::1
2022/07/16 21:27:41 [/ec-cube2/html/manage/home.php] access : user=pugachev2011 auth=0 sid=6cbb2da7 from ::1
2022/07/16 21:28:14 [/ec-cube2/html/manage/products/index.php] access : user=pugachev2011 auth=0 sid=6cbb2da7 from ::1
2022/07/16 21:28:17 [/ec-cube2/html/manage/products/product.php] access : user=pugachev2011 auth=0 sid=6cbb2da7 from ::1
2022/07/16 21:28:33 [/ec-cube2/html/manage/products/category.php] access : user=pugachev2011 auth=0 sid=6cbb2da7 from ::1
2022/07/16 21:28:44 [/ec-cube2/html/manage/products/category.php] access : user=pugachev2011 auth=0 sid=6cbb2da7 from ::1
2022/07/16 21:28:47 [/ec-cube2/html/manage/products/category.php] access : user=pugachev2011 auth=0 sid=6cbb2da7 from ::1
2022/07/16 21:28:53 [/ec-cube2/html/manage/products/category.php] access : user=pugachev2011 auth=0 sid=6cbb2da7 from ::1
2022/07/16 21:29:02 [/ec-cube2/html/manage/products/category.php] access : user=pugachev2011 auth=0 sid=6cbb2da7 from ::1
2022/07/16 21:29:13 [/ec-cube2/html/manage/products/category.php] access : user=pugachev2011 auth=0 sid=6cbb2da7 from ::1
2022/07/16 21:29:20 [/ec-cube2/html/manage/products/category.php] access : user=pugachev2011 auth=0 sid=6cbb2da7 from ::1
2022/07/16 21:29:23 [/ec-cube2/html/manage/products/category.php] access : user=pugachev2011 auth=0 sid=6cbb2da7 from ::1
2022/07/16 21:46:21 [/ec-cube2/html/manage/system/parameter.php] access : user=pugachev2011 auth=0 sid=6cbb2da7 from ::1
2022/07/16 21:46:25 [/ec-cube2/html/manage/system/masterdata.php] access : user=pugachev2011 auth=0 sid=6cbb2da7 from ::1
2022/07/16 21:46:44 [/ec-cube2/html/manage/system/masterdata.php] access : user=pugachev2011 auth=0 sid=6cbb2da7 from ::1
2022/07/16 21:46:56 [/ec-cube2/html/manage/system/masterdata.php] access : user=pugachev2011 auth=0 sid=6cbb2da7 from ::1
2022/07/16 21:46:59 [/ec-cube2/html/manage/system/masterdata.php] access : user=pugachev2011 auth=0 sid=6cbb2da7 from ::1
2022/07/16 21:47:08 [/ec-cube2/html/manage/system/masterdata.php] access : user=pugachev2011 auth=0 sid=6cbb2da7 from ::1
2022/07/16 21:47:12 [/ec-cube2/html/manage/system/masterdata.php] access : user=pugachev2011 auth=0 sid=6cbb2da7 from ::1
2022/07/16 21:47:21 [/ec-cube2/html/manage/system/masterdata.php] access : user=pugachev2011 auth=0 sid=6cbb2da7 from ::1
2022/07/16 21:47:25 [/ec-cube2/html/manage/system/masterdata.php] access : user=pugachev2011 auth=0 sid=6cbb2da7 from ::1
2022/07/16 21:47:33 [/ec-cube2/html/manage/system/masterdata.php] access : user=pugachev2011 auth=0 sid=6cbb2da7 from ::1
2022/07/16 21:47:37 [/ec-cube2/html/manage/system/masterdata.php] access : user=pugachev2011 auth=0 sid=6cbb2da7 from ::1
2022/07/16 21:47:46 [/ec-cube2/html/manage/system/masterdata.php] access : user=pugachev2011 auth=0 sid=6cbb2da7 from ::1
2022/07/16 21:47:59 [/ec-cube2/html/manage/system/masterdata.php] access : user=pugachev2011 auth=0 sid=6cbb2da7 from ::1
2022/07/16 21:48:08 [/ec-cube2/html/manage/system/masterdata.php] access : user=pugachev2011 auth=0 sid=6cbb2da7 from ::1
2022/07/16 21:48:12 [/ec-cube2/html/manage/system/masterdata.php] access : user=pugachev2011 auth=0 sid=6cbb2da7 from ::1
2022/07/16 21:48:23 [/ec-cube2/html/manage/system/masterdata.php] access : user=pugachev2011 auth=0 sid=6cbb2da7 from ::1
2022/07/16 21:48:26 [/ec-cube2/html/manage/system/masterdata.php] access : user=pugachev2011 auth=0 sid=6cbb2da7 from ::1
2022/07/16 21:48:36 [/ec-cube2/html/manage/system/masterdata.php] access : user=pugachev2011 auth=0 sid=6cbb2da7 from ::1
2022/07/16 21:48:39 [/ec-cube2/html/manage/system/masterdata.php] access : user=pugachev2011 auth=0 sid=6cbb2da7 from ::1
2022/07/16 21:48:49 [/ec-cube2/html/manage/system/masterdata.php] access : user=pugachev2011 auth=0 sid=6cbb2da7 from ::1
2022/07/16 21:48:59 [/ec-cube2/html/manage/system/masterdata.php] access : user=pugachev2011 auth=0 sid=6cbb2da7 from ::1
2022/07/16 21:49:09 [/ec-cube2/html/manage/system/masterdata.php] access : user=pugachev2011 auth=0 sid=6cbb2da7 from ::1
2022/07/16 21:49:12 [/ec-cube2/html/manage/system/masterdata.php] access : user=pugachev2011 auth=0 sid=6cbb2da7 from ::1
2022/07/16 21:49:21 [/ec-cube2/html/manage/system/masterdata.php] access : user=pugachev2011 auth=0 sid=6cbb2da7 from ::1
2022/07/16 21:49:24 [/ec-cube2/html/manage/system/masterdata.php] access : user=pugachev2011 auth=0 sid=6cbb2da7 from ::1
2022/07/16 21:49:34 [/ec-cube2/html/manage/system/masterdata.php] access : user=pugachev2011 auth=0 sid=6cbb2da7 from ::1
2022/07/16 21:49:46 [/ec-cube2/html/manage/products/product.php] access : user=pugachev2011 auth=0 sid=6cbb2da7 from ::1
2022/07/16 21:57:20 [/ec-cube2/html/manage/products/product.php] access : user=pugachev2011 auth=0 sid=6cbb2da7 from ::1
2022/07/16 21:57:28 [/ec-cube2/html/manage/products/product.php] access : user=pugachev2011 auth=0 sid=6cbb2da7 from ::1
2022/07/16 21:57:47 [/ec-cube2/html/manage/products/product.php] access : user=pugachev2011 auth=0 sid=6cbb2da7 from ::1
2022/07/16 21:57:57 [/ec-cube2/html/manage/products/product.php] access : user=pugachev2011 auth=0 sid=6cbb2da7 from ::1
2022/07/16 21:58:18 [/ec-cube2/html/manage/index.php] access : user=pugachev2011 auth=0 sid=c46f24b1 from ::1
2022/07/16 21:58:18 [/ec-cube2/html/manage/index.php] login: user=pugachev2011(2) auth=0 lastlogin=2022-07-16 21:27:25 sid=c46f24b1 from ::1
2022/07/16 21:58:18 [/ec-cube2/html/manage/home.php] access : user=pugachev2011 auth=0 sid=c46f24b1 from ::1
2022/07/16 21:58:23 [/ec-cube2/html/manage/products/index.php] access : user=pugachev2011 auth=0 sid=c46f24b1 from ::1
2022/07/16 21:58:25 [/ec-cube2/html/manage/products/index.php] access : user=pugachev2011 auth=0 sid=c46f24b1 from ::1
2022/07/16 21:58:37 [/ec-cube2/html/manage/products/product.php] access : user=pugachev2011 auth=0 sid=c46f24b1 from ::1
2022/07/16 22:01:00 [/ec-cube2/html/manage/products/product.php] access : user=pugachev2011 auth=0 sid=c46f24b1 from ::1
2022/07/16 22:01:09 [/ec-cube2/html/manage/products/product.php] access : user=pugachev2011 auth=0 sid=c46f24b1 from ::1
2022/07/16 22:01:19 [/ec-cube2/html/manage/products/product.php] access : user=pugachev2011 auth=0 sid=c46f24b1 from ::1
2022/07/16 22:01:23 [/ec-cube2/html/manage/products/product.php] access : user=pugachev2011 auth=0 sid=c46f24b1 from ::1
2022/07/16 22:01:30 [/ec-cube2/html/manage/products/product.php] access : user=pugachev2011 auth=0 sid=c46f24b1 from ::1
2022/07/16 22:01:33 [/ec-cube2/html/manage/products/product.php] access : user=pugachev2011 auth=0 sid=c46f24b1 from ::1
2022/07/16 22:02:09 [/ec-cube2/html/manage/index.php] access : user=pugachev2011 auth=0 sid=5eab7b9f from ::1
2022/07/16 22:02:09 [/ec-cube2/html/manage/index.php] login: user=pugachev2011(2) auth=0 lastlogin=2022-07-16 21:58:18 sid=5eab7b9f from ::1
2022/07/16 22:02:09 [/ec-cube2/html/manage/home.php] access : user=pugachev2011 auth=0 sid=5eab7b9f from ::1
2022/07/16 22:02:16 [/ec-cube2/html/manage/products/index.php] access : user=pugachev2011 auth=0 sid=5eab7b9f from ::1
2022/07/16 22:02:22 [/ec-cube2/html/manage/products/index.php] access : user=pugachev2011 auth=0 sid=5eab7b9f from ::1
2022/07/16 22:02:27 [/ec-cube2/html/manage/products/product.php] access : user=pugachev2011 auth=0 sid=5eab7b9f from ::1
2022/07/16 22:06:08 [/ec-cube2/html/manage/products/product.php] access : user=pugachev2011 auth=0 sid=5eab7b9f from ::1
2022/07/16 22:06:18 [/ec-cube2/html/manage/products/product.php] access : user=pugachev2011 auth=0 sid=5eab7b9f from ::1
2022/07/16 22:06:29 [/ec-cube2/html/manage/products/product.php] access : user=pugachev2011 auth=0 sid=5eab7b9f from ::1
2022/07/16 22:06:37 [/ec-cube2/html/manage/products/product.php] access : user=pugachev2011 auth=0 sid=5eab7b9f from ::1
2022/07/16 22:06:40 [/ec-cube2/html/manage/products/product.php] access : user=pugachev2011 auth=0 sid=5eab7b9f from ::1
2022/07/16 22:06:43 [/ec-cube2/html/manage/products/product.php] access : user=pugachev2011 auth=0 sid=5eab7b9f from ::1
2022/07/16 22:08:42 [/ec-cube2/html/manage/products/product.php] access : user=pugachev2011 auth=0 sid=5eab7b9f from ::1
2022/07/16 22:08:49 [/ec-cube2/html/manage/products/product.php] access : user=pugachev2011 auth=0 sid=5eab7b9f from ::1
2022/07/16 22:08:55 [/ec-cube2/html/manage/products/product.php] access : user=pugachev2011 auth=0 sid=5eab7b9f from ::1
2022/07/16 22:09:06 [/ec-cube2/html/manage/products/product.php] access : user=pugachev2011 auth=0 sid=5eab7b9f from ::1
2022/07/16 22:09:13 [/ec-cube2/html/manage/products/product.php] access : user=pugachev2011 auth=0 sid=5eab7b9f from ::1
2022/07/16 22:09:16 [/ec-cube2/html/manage/products/product.php] access : user=pugachev2011 auth=0 sid=5eab7b9f from ::1
2022/07/16 22:09:19 [/ec-cube2/html/manage/products/product.php] access : user=pugachev2011 auth=0 sid=5eab7b9f from ::1
2022/07/16 22:10:58 [/ec-cube2/html/manage/products/product.php] access : user=pugachev2011 auth=0 sid=5eab7b9f from ::1
2022/07/16 22:11:08 [/ec-cube2/html/manage/products/product.php] access : user=pugachev2011 auth=0 sid=5eab7b9f from ::1
2022/07/16 22:11:18 [/ec-cube2/html/manage/products/product.php] access : user=pugachev2011 auth=0 sid=5eab7b9f from ::1
2022/07/16 22:11:38 [/ec-cube2/html/manage/products/product.php] access : user=pugachev2011 auth=0 sid=5eab7b9f from ::1
2022/07/16 22:11:41 [/ec-cube2/html/manage/products/product.php] access : user=pugachev2011 auth=0 sid=5eab7b9f from ::1
2022/07/16 22:11:43 [/ec-cube2/html/manage/products/product.php] access : user=pugachev2011 auth=0 sid=5eab7b9f from ::1
2022/07/16 22:13:38 [/ec-cube2/html/manage/products/product.php] access : user=pugachev2011 auth=0 sid=5eab7b9f from ::1
2022/07/16 22:13:46 [/ec-cube2/html/manage/products/product.php] access : user=pugachev2011 auth=0 sid=5eab7b9f from ::1
2022/07/16 22:13:57 [/ec-cube2/html/manage/products/product.php] access : user=pugachev2011 auth=0 sid=5eab7b9f from ::1
2022/07/16 22:14:18 [/ec-cube2/html/manage/products/product.php] access : user=pugachev2011 auth=0 sid=5eab7b9f from ::1
2022/07/16 22:14:23 [/ec-cube2/html/manage/products/product.php] access : user=pugachev2011 auth=0 sid=5eab7b9f from ::1
2022/07/16 22:14:27 [/ec-cube2/html/manage/products/index.php] access : user=pugachev2011 auth=0 sid=5eab7b9f from ::1
2022/07/16 22:14:29 [/ec-cube2/html/manage/products/index.php] access : user=pugachev2011 auth=0 sid=5eab7b9f from ::1
2022/07/16 22:14:44 [/ec-cube2/html/manage/products/product.php] access : user=pugachev2011 auth=0 sid=5eab7b9f from ::1
2022/07/16 22:16:01 [/ec-cube2/html/manage/products/product.php] access : user=pugachev2011 auth=0 sid=5eab7b9f from ::1
2022/07/16 22:16:11 [/ec-cube2/html/manage/products/product.php] access : user=pugachev2011 auth=0 sid=5eab7b9f from ::1
2022/07/16 22:16:30 [/ec-cube2/html/manage/products/product.php] access : user=pugachev2011 auth=0 sid=5eab7b9f from ::1
2022/07/16 22:16:40 [/ec-cube2/html/manage/products/product.php] access : user=pugachev2011 auth=0 sid=5eab7b9f from ::1
2022/07/16 22:17:06 [/ec-cube2/html/manage/products/product.php] access : user=pugachev2011 auth=0 sid=5eab7b9f from ::1
2022/07/16 22:17:19 [/ec-cube2/html/manage/products/product.php] access : user=pugachev2011 auth=0 sid=5eab7b9f from ::1
2022/07/16 22:17:29 [/ec-cube2/html/manage/products/product.php] access : user=pugachev2011 auth=0 sid=5eab7b9f from ::1
2022/07/16 22:17:31 [/ec-cube2/html/manage/products/product.php] access : user=pugachev2011 auth=0 sid=5eab7b9f from ::1
2022/07/16 22:17:35 [/ec-cube2/html/manage/products/product.php] access : user=pugachev2011 auth=0 sid=5eab7b9f from ::1
2022/07/16 22:17:39 [/ec-cube2/html/manage/products/index.php] access : user=pugachev2011 auth=0 sid=5eab7b9f from ::1
2022/07/16 22:17:42 [/ec-cube2/html/manage/products/index.php] access : user=pugachev2011 auth=0 sid=5eab7b9f from ::1
2022/07/16 22:17:46 [/ec-cube2/html/manage/products/product.php] access : user=pugachev2011 auth=0 sid=5eab7b9f from ::1
2022/07/16 22:18:01 [/ec-cube2/html/manage/products/product.php] access : user=pugachev2011 auth=0 sid=5eab7b9f from ::1
2022/07/16 22:18:19 [/ec-cube2/html/manage/products/product.php] access : user=pugachev2011 auth=0 sid=5eab7b9f from ::1
2022/07/16 22:18:28 [/ec-cube2/html/manage/products/product.php] access : user=pugachev2011 auth=0 sid=5eab7b9f from ::1
2022/07/16 22:18:31 [/ec-cube2/html/manage/products/product.php] access : user=pugachev2011 auth=0 sid=5eab7b9f from ::1
2022/07/16 22:18:33 [/ec-cube2/html/manage/products/product.php] access : user=pugachev2011 auth=0 sid=5eab7b9f from ::1
2022/07/16 22:18:40 [/ec-cube2/html/manage/products/index.php] access : user=pugachev2011 auth=0 sid=5eab7b9f from ::1
2022/07/16 22:18:43 [/ec-cube2/html/manage/products/index.php] access : user=pugachev2011 auth=0 sid=5eab7b9f from ::1
2022/07/16 22:18:51 [/ec-cube2/html/manage/products/product.php] access : user=pugachev2011 auth=0 sid=5eab7b9f from ::1
2022/07/16 22:19:07 [/ec-cube2/html/manage/products/product.php] access : user=pugachev2011 auth=0 sid=5eab7b9f from ::1
2022/07/16 22:19:18 [/ec-cube2/html/manage/products/product.php] access : user=pugachev2011 auth=0 sid=5eab7b9f from ::1
2022/07/16 22:19:20 [/ec-cube2/html/manage/products/product.php] access : user=pugachev2011 auth=0 sid=5eab7b9f from ::1
2022/07/16 22:19:24 [/ec-cube2/html/manage/products/product.php] access : user=pugachev2011 auth=0 sid=5eab7b9f from ::1
2022/07/16 22:19:27 [/ec-cube2/html/manage/products/index.php] access : user=pugachev2011 auth=0 sid=5eab7b9f from ::1
2022/07/16 22:19:32 [/ec-cube2/html/manage/products/product.php] access : user=pugachev2011 auth=0 sid=5eab7b9f from ::1
2022/07/16 22:19:35 [/ec-cube2/html/manage/products/index.php] access : user=pugachev2011 auth=0 sid=5eab7b9f from ::1
2022/07/16 22:19:38 [/ec-cube2/html/manage/products/product.php] access : user=pugachev2011 auth=0 sid=5eab7b9f from ::1
2022/07/16 22:19:52 [/ec-cube2/html/manage/products/product.php] access : user=pugachev2011 auth=0 sid=5eab7b9f from ::1
2022/07/16 22:20:00 [/ec-cube2/html/manage/products/product.php] access : user=pugachev2011 auth=0 sid=5eab7b9f from ::1
2022/07/16 22:20:02 [/ec-cube2/html/manage/products/product.php] access : user=pugachev2011 auth=0 sid=5eab7b9f from ::1
2022/07/16 22:20:06 [/ec-cube2/html/manage/products/product.php] access : user=pugachev2011 auth=0 sid=5eab7b9f from ::1
2022/07/16 22:20:12 [/ec-cube2/html/manage/products/product.php] access : user=pugachev2011 auth=0 sid=5eab7b9f from ::1
2022/07/16 22:21:28 [/ec-cube2/html/manage/products/product.php] access : user=pugachev2011 auth=0 sid=5eab7b9f from ::1
2022/07/16 22:21:37 [/ec-cube2/html/manage/products/product.php] access : user=pugachev2011 auth=0 sid=5eab7b9f from ::1
2022/07/16 22:21:45 [/ec-cube2/html/manage/products/product.php] access : user=pugachev2011 auth=0 sid=5eab7b9f from ::1
2022/07/16 22:21:56 [/ec-cube2/html/manage/products/product.php] access : user=pugachev2011 auth=0 sid=5eab7b9f from ::1
2022/07/16 22:22:00 [/ec-cube2/html/manage/products/product.php] access : user=pugachev2011 auth=0 sid=5eab7b9f from ::1
2022/07/16 22:22:08 [/ec-cube2/html/manage/products/index.php] access : user=pugachev2011 auth=0 sid=5eab7b9f from ::1
2022/07/16 22:22:10 [/ec-cube2/html/manage/products/index.php] access : user=pugachev2011 auth=0 sid=5eab7b9f from ::1
2022/07/16 22:22:37 [/ec-cube2/html/manage/products/product.php] access : user=pugachev2011 auth=0 sid=5eab7b9f from ::1
2022/07/16 22:23:40 [/ec-cube2/html/manage/products/product.php] access : user=pugachev2011 auth=0 sid=5eab7b9f from ::1
2022/07/16 22:23:48 [/ec-cube2/html/manage/products/product.php] access : user=pugachev2011 auth=0 sid=5eab7b9f from ::1
2022/07/16 22:24:10 [/ec-cube2/html/manage/products/product.php] access : user=pugachev2011 auth=0 sid=5eab7b9f from ::1
2022/07/16 22:24:15 [/ec-cube2/html/manage/products/product.php] access : user=pugachev2011 auth=0 sid=5eab7b9f from ::1
2022/07/16 22:24:27 [/ec-cube2/html/manage/products/product.php] access : user=pugachev2011 auth=0 sid=5eab7b9f from ::1
2022/07/16 22:24:34 [/ec-cube2/html/manage/products/product.php] access : user=pugachev2011 auth=0 sid=5eab7b9f from ::1
2022/07/16 22:24:37 [/ec-cube2/html/manage/products/product.php] access : user=pugachev2011 auth=0 sid=5eab7b9f from ::1
2022/07/16 22:24:42 [/ec-cube2/html/manage/products/product.php] access : user=pugachev2011 auth=0 sid=5eab7b9f from ::1
2022/07/16 22:25:55 [/ec-cube2/html/manage/products/product.php] access : user=pugachev2011 auth=0 sid=5eab7b9f from ::1
2022/07/16 22:26:05 [/ec-cube2/html/manage/products/product.php] access : user=pugachev2011 auth=0 sid=5eab7b9f from ::1
2022/07/16 22:26:12 [/ec-cube2/html/manage/products/product.php] access : user=pugachev2011 auth=0 sid=5eab7b9f from ::1
2022/07/16 22:26:23 [/ec-cube2/html/manage/products/product.php] access : user=pugachev2011 auth=0 sid=5eab7b9f from ::1
2022/07/16 22:26:26 [/ec-cube2/html/manage/products/product.php] access : user=pugachev2011 auth=0 sid=5eab7b9f from ::1
2022/07/16 22:26:29 [/ec-cube2/html/manage/products/index.php] access : user=pugachev2011 auth=0 sid=5eab7b9f from ::1
2022/07/16 22:35:59 [/ec-cube2/html/manage/customer/edit.php] access : user=pugachev2011 auth=0 sid=5eab7b9f from ::1
2022/07/16 22:36:18 [/ec-cube2/html/manage/index.php] access : user=pugachev2011 auth=0 sid=dbbe72a4 from ::1
2022/07/16 22:36:18 [/ec-cube2/html/manage/index.php] login: user=pugachev2011(2) auth=0 lastlogin=2022-07-16 22:02:09 sid=dbbe72a4 from ::1
2022/07/16 22:36:18 [/ec-cube2/html/manage/home.php] access : user=pugachev2011 auth=0 sid=dbbe72a4 from ::1
2022/07/16 22:38:51 [/ec-cube2/html/manage/system/masterdata.php] access : user=pugachev2011 auth=0 sid=dbbe72a4 from ::1
2022/07/16 22:39:00 [/ec-cube2/html/manage/system/masterdata.php] access : user=pugachev2011 auth=0 sid=dbbe72a4 from ::1
2022/07/16 22:39:09 [/ec-cube2/html/manage/system/masterdata.php] access : user=pugachev2011 auth=0 sid=dbbe72a4 from ::1
2022/07/16 22:39:14 [/ec-cube2/html/manage/system/masterdata.php] access : user=pugachev2011 auth=0 sid=dbbe72a4 from ::1
2022/07/16 22:39:27 [/ec-cube2/html/manage/system/masterdata.php] access : user=pugachev2011 auth=0 sid=dbbe72a4 from ::1
2022/07/16 22:39:32 [/ec-cube2/html/manage/system/masterdata.php] access : user=pugachev2011 auth=0 sid=dbbe72a4 from ::1
2022/07/16 22:39:42 [/ec-cube2/html/manage/system/masterdata.php] access : user=pugachev2011 auth=0 sid=dbbe72a4 from ::1
2022/07/16 22:40:04 [/ec-cube2/html/manage/system/masterdata.php] access : user=pugachev2011 auth=0 sid=dbbe72a4 from ::1
2022/07/16 22:40:15 [/ec-cube2/html/manage/system/masterdata.php] access : user=pugachev2011 auth=0 sid=dbbe72a4 from ::1
2022/07/16 22:40:18 [/ec-cube2/html/manage/system/masterdata.php] access : user=pugachev2011 auth=0 sid=dbbe72a4 from ::1
2022/07/16 22:40:28 [/ec-cube2/html/manage/system/masterdata.php] access : user=pugachev2011 auth=0 sid=dbbe72a4 from ::1
2022/07/16 22:40:35 [/ec-cube2/html/manage/system/masterdata.php] access : user=pugachev2011 auth=0 sid=dbbe72a4 from ::1
2022/07/16 22:40:44 [/ec-cube2/html/manage/system/masterdata.php] access : user=pugachev2011 auth=0 sid=dbbe72a4 from ::1
2022/07/16 22:40:47 [/ec-cube2/html/manage/system/masterdata.php] access : user=pugachev2011 auth=0 sid=dbbe72a4 from ::1
2022/07/16 22:40:57 [/ec-cube2/html/manage/system/masterdata.php] access : user=pugachev2011 auth=0 sid=dbbe72a4 from ::1
2022/07/16 22:41:01 [/ec-cube2/html/manage/system/masterdata.php] access : user=pugachev2011 auth=0 sid=dbbe72a4 from ::1
2022/07/16 22:41:11 [/ec-cube2/html/manage/system/masterdata.php] access : user=pugachev2011 auth=0 sid=dbbe72a4 from ::1
2022/07/16 22:41:15 [/ec-cube2/html/manage/system/masterdata.php] access : user=pugachev2011 auth=0 sid=dbbe72a4 from ::1
2022/07/16 22:41:23 [/ec-cube2/html/manage/system/masterdata.php] access : user=pugachev2011 auth=0 sid=dbbe72a4 from ::1
2022/07/16 22:41:27 [/ec-cube2/html/manage/system/masterdata.php] access : user=pugachev2011 auth=0 sid=dbbe72a4 from ::1
2022/07/16 22:41:43 [/ec-cube2/html/manage/system/masterdata.php] access : user=pugachev2011 auth=0 sid=dbbe72a4 from ::1
2022/07/16 22:41:49 [/ec-cube2/html/manage/system/masterdata.php] access : user=pugachev2011 auth=0 sid=dbbe72a4 from ::1
2022/07/16 22:42:00 [/ec-cube2/html/manage/system/masterdata.php] access : user=pugachev2011 auth=0 sid=dbbe72a4 from ::1
2022/07/16 22:42:04 [/ec-cube2/html/manage/system/masterdata.php] access : user=pugachev2011 auth=0 sid=dbbe72a4 from ::1
2022/07/16 22:42:19 [/ec-cube2/html/manage/system/masterdata.php] access : user=pugachev2011 auth=0 sid=dbbe72a4 from ::1
2022/07/16 22:42:53 [/ec-cube2/html/manage/customer/edit.php] access : user=pugachev2011 auth=0 sid=dbbe72a4 from ::1
2022/07/16 22:44:53 [/ec-cube2/html/manage/customer/edit.php] access : user=pugachev2011 auth=0 sid=dbbe72a4 from ::1
2022/07/16 22:44:56 [/ec-cube2/html/manage/customer/edit.php] access : user=pugachev2011 auth=0 sid=dbbe72a4 from ::1
2022/07/16 22:47:41 [/ec-cube2/html/manage/index.php] access : user=pugachev2011 auth=0 sid=3fc4af19 from ::1
2022/07/16 22:47:41 [/ec-cube2/html/manage/index.php] login: user=pugachev2011(2) auth=0 lastlogin=2022-07-16 22:36:18 sid=3fc4af19 from ::1
2022/07/16 22:47:41 [/ec-cube2/html/manage/home.php] access : user=pugachev2011 auth=0 sid=3fc4af19 from ::1
2022/07/16 22:47:45 [/ec-cube2/html/manage/customer/edit.php] access : user=pugachev2011 auth=0 sid=3fc4af19 from ::1
2022/07/16 22:49:43 [/ec-cube2/html/manage/customer/edit.php] access : user=pugachev2011 auth=0 sid=3fc4af19 from ::1
2022/07/16 22:49:46 [/ec-cube2/html/manage/customer/edit.php] access : user=pugachev2011 auth=0 sid=3fc4af19 from ::1
2022/07/16 22:49:48 [/ec-cube2/html/manage/customer/index.php] access : user=pugachev2011 auth=0 sid=3fc4af19 from ::1
2022/07/16 22:51:18 [/ec-cube2/html/manage/products/index.php] access : user=pugachev2011 auth=0 sid=3c91bae3 from ::1
2022/07/16 22:51:36 [/ec-cube2/html/manage/products/index.php] access : user=pugachev2011 auth=0 sid=3c91bae3 from ::1
2022/07/17 15:42:04 [/ec-cube2/html/manage/products/index.php] access : user=pugachev2011 auth=0 sid=3c91bae3 from ::1
2022/07/18 08:59:45 [/ec-cube2/html/manage/index.php] access error. from ::1
2022/07/18 08:59:45 [/ec-cube2/html/manage/index.php] login: user=pugachev2011(2) auth=0 lastlogin=2022-07-16 22:47:41 sid= from ::1
2022/07/18 08:59:45 [/ec-cube2/html/manage/home.php] access : user=pugachev2011 auth=0 sid=19bd88fe from ::1
2022/07/18 08:59:51 [/ec-cube2/html/manage/products/product.php] access : user=pugachev2011 auth=0 sid=19bd88fe from ::1
2022/07/18 09:17:43 [/ec-cube2/html/manage/system/parameter.php] access : user=pugachev2011 auth=0 sid=19bd88fe from ::1
2022/07/18 10:15:48 [/ec-cube2/html/manage/products/product.php] access : user=pugachev2011 auth=0 sid=19bd88fe from ::1
2022/07/18 10:54:39 [/ec-cube2/html/manage/products/index.php] access : user=pugachev2011 auth=0 sid=19bd88fe from ::1
2022/07/18 10:54:41 [/ec-cube2/html/manage/products/index.php] access : user=pugachev2011 auth=0 sid=19bd88fe from ::1
2022/07/18 10:54:45 [/ec-cube2/html/manage/products/product.php] access : user=pugachev2011 auth=0 sid=19bd88fe from ::1
2022/07/18 10:57:24 [/ec-cube2/html/manage/products/product.php] access : user=pugachev2011 auth=0 sid=19bd88fe from ::1
2022/07/18 10:57:36 [/ec-cube2/html/manage/products/product.php] access : user=pugachev2011 auth=0 sid=19bd88fe from ::1
2022/07/18 11:01:25 [/ec-cube2/html/manage/products/product.php] access : user=pugachev2011 auth=0 sid=19bd88fe from ::1
2022/07/18 11:11:29 [/ec-cube2/html/manage/products/product.php] access : user=pugachev2011 auth=0 sid=19bd88fe from ::1
2022/07/18 11:11:38 [/ec-cube2/html/manage/products/product.php] access : user=pugachev2011 auth=0 sid=19bd88fe from ::1
2022/07/18 11:15:19 [/ec-cube2/html/manage/products/product.php] access : user=pugachev2011 auth=0 sid=19bd88fe from ::1
2022/07/18 11:15:27 [/ec-cube2/html/manage/products/product.php] access : user=pugachev2011 auth=0 sid=19bd88fe from ::1
2022/07/18 11:15:36 [/ec-cube2/html/manage/products/product.php] access : user=pugachev2011 auth=0 sid=19bd88fe from ::1
2022/07/18 11:15:49 [/ec-cube2/html/manage/products/product.php] access : user=pugachev2011 auth=0 sid=19bd88fe from ::1
2022/07/18 11:15:51 [/ec-cube2/html/manage/products/product.php] access : user=pugachev2011 auth=0 sid=19bd88fe from ::1
2022/07/18 11:18:06 [/ec-cube2/html/manage/products/product.php] access : user=pugachev2011 auth=0 sid=19bd88fe from ::1
2022/07/18 11:24:00 [/ec-cube2/html/manage/products/index.php] access : user=pugachev2011 auth=0 sid=19bd88fe from ::1
2022/07/18 11:24:04 [/ec-cube2/html/manage/products/product.php] access : user=pugachev2011 auth=0 sid=19bd88fe from ::1
2022/07/18 13:47:51 [/ec-cube2/html/manage/products/product.php] access : user=pugachev2011 auth=0 sid=19bd88fe from ::1
2022/07/18 13:48:00 [/ec-cube2/html/manage/products/product.php] access : user=pugachev2011 auth=0 sid=19bd88fe from ::1
2022/07/18 13:48:07 [/ec-cube2/html/manage/products/product.php] access : user=pugachev2011 auth=0 sid=19bd88fe from ::1
2022/07/18 13:48:18 [/ec-cube2/html/manage/products/product.php] access : user=pugachev2011 auth=0 sid=19bd88fe from ::1
2022/07/18 13:54:03 [/ec-cube2/html/manage/products/index.php] access : user=pugachev2011 auth=0 sid=19bd88fe from ::1
2022/07/18 13:54:05 [/ec-cube2/html/manage/products/index.php] access : user=pugachev2011 auth=0 sid=19bd88fe from ::1
2022/07/18 13:54:14 [/ec-cube2/html/manage/products/product.php] access : user=pugachev2011 auth=0 sid=19bd88fe from ::1
2022/07/18 13:54:22 [/ec-cube2/html/manage/products/index.php] access : user=pugachev2011 auth=0 sid=19bd88fe from ::1
2022/07/18 17:24:26 [/ec-cube2/html/manage/products/index.php] access : user=pugachev2011 auth=0 sid=19bd88fe from ::1
2022/07/18 17:24:40 [/ec-cube2/html/manage/products/product.php] access : user=pugachev2011 auth=0 sid=19bd88fe from ::1
2022/07/18 19:04:53 [/ec-cube2/html/manage/system/parameter.php] access : user=pugachev2011 auth=0 sid=19bd88fe from ::1
2022/07/18 19:04:58 [/ec-cube2/html/manage/system/masterdata.php] access : user=pugachev2011 auth=0 sid=19bd88fe from ::1
2022/07/18 19:05:07 [/ec-cube2/html/manage/system/masterdata.php] access : user=pugachev2011 auth=0 sid=19bd88fe from ::1
2022/07/18 19:05:35 [/ec-cube2/html/manage/system/masterdata.php] access : user=pugachev2011 auth=0 sid=19bd88fe from ::1
2022/07/18 19:05:47 [/ec-cube2/html/manage/system/masterdata.php] access : user=pugachev2011 auth=0 sid=19bd88fe from ::1
2022/07/18 19:21:25 [/ec-cube2/html/manage/customer/edit.php] access : user=pugachev2011 auth=0 sid=19bd88fe from ::1
2022/07/18 19:23:43 [/ec-cube2/html/manage/customer/edit.php] access : user=pugachev2011 auth=0 sid=19bd88fe from ::1
2022/07/18 19:23:46 [/ec-cube2/html/manage/customer/edit.php] access : user=pugachev2011 auth=0 sid=19bd88fe from ::1
2022/07/18 19:23:49 [/ec-cube2/html/manage/customer/index.php] access : user=pugachev2011 auth=0 sid=19bd88fe from ::1
2022/07/18 19:23:54 [/ec-cube2/html/manage/customer/index.php] access : user=pugachev2011 auth=0 sid=19bd88fe from ::1
2022/07/18 19:54:09 [/ec-cube2/html/manage/customer/edit.php] access : user=pugachev2011 auth=0 sid=19bd88fe from ::1
2022/07/18 19:55:10 [/ec-cube2/html/manage/customer/index.php] access : user=pugachev2011 auth=0 sid=19bd88fe from ::1
2022/07/18 19:55:11 [/ec-cube2/html/manage/customer/index.php] access : user=pugachev2011 auth=0 sid=19bd88fe from ::1
2022/07/18 19:55:14 [/ec-cube2/html/manage/customer/edit.php] access : user=pugachev2011 auth=0 sid=19bd88fe from ::1
2022/07/18 19:55:24 [/ec-cube2/html/manage/customer/edit.php] access : user=pugachev2011 auth=0 sid=19bd88fe from ::1
2022/07/18 19:55:26 [/ec-cube2/html/manage/customer/edit.php] access : user=pugachev2011 auth=0 sid=19bd88fe from ::1
2022/07/18 19:55:29 [/ec-cube2/html/manage/customer/index.php] access : user=pugachev2011 auth=0 sid=19bd88fe from ::1
2022/07/18 19:55:32 [/ec-cube2/html/manage/customer/edit.php] access : user=pugachev2011 auth=0 sid=19bd88fe from ::1
2022/07/18 19:55:43 [/ec-cube2/html/manage/customer/edit.php] access : user=pugachev2011 auth=0 sid=19bd88fe from ::1
2022/07/18 19:55:45 [/ec-cube2/html/manage/customer/edit.php] access : user=pugachev2011 auth=0 sid=19bd88fe from ::1
2022/07/18 19:55:47 [/ec-cube2/html/manage/customer/index.php] access : user=pugachev2011 auth=0 sid=19bd88fe from ::1
2022/07/18 19:55:51 [/ec-cube2/html/manage/customer/edit.php] access : user=pugachev2011 auth=0 sid=19bd88fe from ::1
2022/07/18 20:12:29 [/ec-cube2/html/manage/customer/index.php] access : user=pugachev2011 auth=0 sid=19bd88fe from ::1
2022/07/18 20:13:18 [/ec-cube2/html/manage/system/masterdata.php] access : user=pugachev2011 auth=0 sid=19bd88fe from ::1
2022/07/18 20:13:23 [/ec-cube2/html/manage/system/masterdata.php] access : user=pugachev2011 auth=0 sid=19bd88fe from ::1
2022/07/18 20:13:36 [/ec-cube2/html/manage/system/masterdata.php] access : user=pugachev2011 auth=0 sid=19bd88fe from ::1
2022/07/18 20:13:43 [/ec-cube2/html/manage/system/masterdata.php] access : user=pugachev2011 auth=0 sid=19bd88fe from ::1
2022/07/18 20:13:54 [/ec-cube2/html/manage/system/masterdata.php] access : user=pugachev2011 auth=0 sid=19bd88fe from ::1
2022/07/18 20:13:58 [/ec-cube2/html/manage/system/masterdata.php] access : user=pugachev2011 auth=0 sid=19bd88fe from ::1
2022/07/18 20:14:36 [/ec-cube2/html/manage/system/masterdata.php] access : user=pugachev2011 auth=0 sid=19bd88fe from ::1
2022/07/18 20:14:40 [/ec-cube2/html/manage/system/masterdata.php] access : user=pugachev2011 auth=0 sid=19bd88fe from ::1
2022/07/18 20:18:21 [/ec-cube2/html/manage/system/masterdata.php] access : user=pugachev2011 auth=0 sid=19bd88fe from ::1
2022/07/18 20:18:29 [/ec-cube2/html/manage/customer/edit.php] access : user=pugachev2011 auth=0 sid=19bd88fe from ::1
2022/07/18 20:24:47 [/ec-cube2/html/manage/products/index.php] access : user=pugachev2011 auth=0 sid=19bd88fe from ::1
2022/07/18 20:24:51 [/ec-cube2/html/manage/customer/edit.php] access : user=pugachev2011 auth=0 sid=19bd88fe from ::1
2022/07/18 20:24:56 [/ec-cube2/html/manage/customer/index.php] access : user=pugachev2011 auth=0 sid=19bd88fe from ::1
2022/07/18 20:25:00 [/ec-cube2/html/manage/customer/edit.php] access : user=pugachev2011 auth=0 sid=19bd88fe from ::1
2022/07/18 20:25:04 [/ec-cube2/html/manage/customer/edit.php] access : user=pugachev2011 auth=0 sid=19bd88fe from ::1
2022/07/18 20:25:38 [/ec-cube2/html/manage/customer/edit.php] access : user=pugachev2011 auth=0 sid=19bd88fe from ::1
2022/07/18 20:25:40 [/ec-cube2/html/manage/customer/edit.php] access : user=pugachev2011 auth=0 sid=19bd88fe from ::1
2022/07/18 20:28:09 [/ec-cube2/html/manage/index.php] access : user=pugachev2011 auth=0 sid=1ec2ac3c from ::1
2022/07/18 20:28:09 [/ec-cube2/html/manage/index.php] login: user=pugachev2011(2) auth=0 lastlogin=2022-07-18 08:59:45 sid=1ec2ac3c from ::1
2022/07/18 20:28:09 [/ec-cube2/html/manage/home.php] access : user=pugachev2011 auth=0 sid=1ec2ac3c from ::1
2022/07/18 20:28:14 [/ec-cube2/html/manage/customer/edit.php] access : user=pugachev2011 auth=0 sid=1ec2ac3c from ::1
2022/07/18 20:28:15 [/ec-cube2/html/manage/customer/index.php] access : user=pugachev2011 auth=0 sid=1ec2ac3c from ::1
2022/07/18 20:28:17 [/ec-cube2/html/manage/customer/index.php] access : user=pugachev2011 auth=0 sid=1ec2ac3c from ::1
2022/07/18 20:28:20 [/ec-cube2/html/manage/customer/edit.php] access : user=pugachev2011 auth=0 sid=1ec2ac3c from ::1
2022/07/18 20:28:24 [/ec-cube2/html/manage/customer/edit.php] access : user=pugachev2011 auth=0 sid=1ec2ac3c from ::1
2022/07/18 20:28:26 [/ec-cube2/html/manage/customer/edit.php] access : user=pugachev2011 auth=0 sid=1ec2ac3c from ::1
2022/07/18 20:28:28 [/ec-cube2/html/manage/customer/index.php] access : user=pugachev2011 auth=0 sid=1ec2ac3c from ::1
2022/07/18 20:28:33 [/ec-cube2/html/manage/customer/edit.php] access : user=pugachev2011 auth=0 sid=1ec2ac3c from ::1
2022/07/18 20:28:38 [/ec-cube2/html/manage/customer/edit.php] access : user=pugachev2011 auth=0 sid=1ec2ac3c from ::1
2022/07/18 20:28:40 [/ec-cube2/html/manage/customer/edit.php] access : user=pugachev2011 auth=0 sid=1ec2ac3c from ::1
2022/07/18 20:28:42 [/ec-cube2/html/manage/customer/index.php] access : user=pugachev2011 auth=0 sid=1ec2ac3c from ::1
2022/07/18 20:28:47 [/ec-cube2/html/manage/customer/edit.php] access : user=pugachev2011 auth=0 sid=1ec2ac3c from ::1
2022/07/20 06:27:46 [/eccube/html/manage/index.php] mtake password incorrect. from 126.193.26.200
2022/07/20 06:28:00 [/eccube/html/manage/index.php] access error. from 126.193.26.200
2022/07/20 06:28:00 [/eccube/html/manage/index.php] login: user=pugachev2011(2) auth=0 lastlogin=2022-07-18 20:28:09 sid= from 126.193.26.200
2022/07/20 06:28:00 [/eccube/html/manage/home.php] access : user=pugachev2011 auth=0 sid=5871f465 from 126.193.26.200
2022/07/24 20:07:01 [/eccube/html/manage/index.php] access error. from ::1
2022/07/24 20:07:01 [/eccube/html/manage/index.php] login: user=pugachev2011(2) auth=0 lastlogin=2022-07-20 06:28:00 sid= from ::1
2022/07/24 20:07:01 [/eccube/html/manage/home.php] access : user=pugachev2011 auth=0 sid=8432dcb8 from ::1
2022/07/24 20:07:07 [/eccube/html/manage/products/index.php] access : user=pugachev2011 auth=0 sid=8432dcb8 from ::1
2022/07/24 20:07:09 [/eccube/html/manage/products/index.php] access : user=pugachev2011 auth=0 sid=8432dcb8 from ::1
2022/07/30 15:52:40 [/eccube/html/manage/index.php] access error. from ::1
2022/07/30 15:52:40 [/eccube/html/manage/index.php] login: user=pugachev2011(2) auth=0 lastlogin=2022-07-24 20:07:01 sid= from ::1
2022/07/30 15:52:40 [/eccube/html/manage/home.php] access : user=pugachev2011 auth=0 sid=dc03de0c from ::1
2022/07/30 15:52:47 [/eccube/html/manage/products/index.php] access : user=pugachev2011 auth=0 sid=dc03de0c from ::1
2022/07/30 15:52:49 [/eccube/html/manage/customer/index.php] access : user=pugachev2011 auth=0 sid=dc03de0c from ::1
2022/07/30 15:52:57 [/eccube/html/manage/products/index.php] access : user=pugachev2011 auth=0 sid=dc03de0c from ::1
2022/07/30 15:53:00 [/eccube/html/manage/customer/index.php] access : user=pugachev2011 auth=0 sid=dc03de0c from ::1
2022/07/30 15:53:08 [/eccube/html/manage/customer/edit.php] access : user=pugachev2011 auth=0 sid=dc03de0c from ::1
2022/07/30 18:55:29 [/eccube/html/manage/system/parameter.php] access : user=pugachev2011 auth=0 sid=dc03de0c from ::1
2022/07/30 18:55:34 [/eccube/html/manage/system/masterdata.php] access : user=pugachev2011 auth=0 sid=dc03de0c from ::1
2022/07/30 18:55:42 [/eccube/html/manage/system/masterdata.php] access : user=pugachev2011 auth=0 sid=dc03de0c from ::1
2022/07/30 18:55:52 [/eccube/html/manage/system/masterdata.php] access : user=pugachev2011 auth=0 sid=dc03de0c from ::1
2022/07/30 18:55:55 [/eccube/html/manage/system/masterdata.php] access : user=pugachev2011 auth=0 sid=dc03de0c from ::1
2022/07/30 18:56:03 [/eccube/html/manage/system/masterdata.php] access : user=pugachev2011 auth=0 sid=dc03de0c from ::1
2022/07/30 19:02:53 [/eccube/html/manage/customer/edit.php] access : user=pugachev2011 auth=0 sid=dc03de0c from ::1
2022/07/30 19:02:58 [/eccube/html/manage/customer/index.php] access : user=pugachev2011 auth=0 sid=dc03de0c from ::1
2022/07/30 19:03:00 [/eccube/html/manage/customer/index.php] access : user=pugachev2011 auth=0 sid=dc03de0c from ::1
2022/07/30 19:03:03 [/eccube/html/manage/customer/edit.php] access : user=pugachev2011 auth=0 sid=dc03de0c from ::1
2022/07/30 19:03:14 [/eccube/html/manage/customer/index.php] access : user=pugachev2011 auth=0 sid=dc03de0c from ::1
2022/07/30 19:03:17 [/eccube/html/manage/customer/index.php] access : user=pugachev2011 auth=0 sid=dc03de0c from ::1
2022/07/30 19:03:20 [/eccube/html/manage/customer/edit.php] access : user=pugachev2011 auth=0 sid=dc03de0c from ::1
2022/07/30 19:05:36 [/eccube/html/manage/customer/edit.php] access : user=pugachev2011 auth=0 sid=dc03de0c from ::1
2022/07/30 19:05:38 [/eccube/html/manage/customer/edit.php] access : user=pugachev2011 auth=0 sid=dc03de0c from ::1
2022/07/30 19:05:46 [/eccube/html/manage/customer/edit.php] access : user=pugachev2011 auth=0 sid=dc03de0c from ::1
2022/07/30 19:05:48 [/eccube/html/manage/customer/edit.php] access : user=pugachev2011 auth=0 sid=dc03de0c from ::1
2022/07/30 19:05:50 [/eccube/html/manage/customer/index.php] access : user=pugachev2011 auth=0 sid=dc03de0c from ::1
2022/07/30 19:05:54 [/eccube/html/manage/customer/edit.php] access : user=pugachev2011 auth=0 sid=dc03de0c from ::1
2022/07/30 19:23:55 [/eccube/html/manage/customer/edit.php] access : user=pugachev2011 auth=0 sid=dc03de0c from ::1
2022/07/31 10:19:58 [/eccube/html/manage/products/product.php] access : user=pugachev2011 auth=0 sid=dc03de0c from ::1
2022/07/31 10:20:11 [/eccube/html/manage/products/index.php] access : user=pugachev2011 auth=0 sid=dc03de0c from ::1
2022/07/31 10:20:13 [/eccube/html/manage/products/index.php] access : user=pugachev2011 auth=0 sid=dc03de0c from ::1
2022/07/31 10:20:17 [/eccube/html/manage/products/product.php] access : user=pugachev2011 auth=0 sid=dc03de0c from ::1
2022/07/31 10:20:31 [/eccube/html/manage/products/product.php] access : user=pugachev2011 auth=0 sid=dc03de0c from ::1
2022/07/31 13:53:17 [/eccube/html/manage/products/product.php] access : user=pugachev2011 auth=0 sid=dc03de0c from ::1
2022/07/31 15:05:38 [/eccube/html/manage/customer/edit.php] access : user=pugachev2011 auth=0 sid=dc03de0c from ::1
2022/07/31 15:13:56 [/eccube/html/manage/products/product.php] access : user=pugachev2011 auth=0 sid=dc03de0c from ::1
2022/07/31 16:45:13 [/eccube/html/manage/customer/edit.php] access : user=pugachev2011 auth=0 sid=dc03de0c from ::1
2022/07/31 16:45:22 [/eccube/html/manage/customer/index.php] access : user=pugachev2011 auth=0 sid=dc03de0c from ::1
2022/07/31 16:45:25 [/eccube/html/manage/customer/index.php] access : user=pugachev2011 auth=0 sid=dc03de0c from ::1
2022/07/31 16:45:30 [/eccube/html/manage/customer/edit.php] access : user=pugachev2011 auth=0 sid=dc03de0c from ::1
2022/07/31 18:10:36 [/eccube/html/manage/customer/edit.php] access : user=pugachev2011 auth=0 sid=dc03de0c from ::1
2022/07/31 18:11:24 [/eccube/html/manage/products/product.php] access : user=pugachev2011 auth=0 sid=dc03de0c from ::1
2022/07/31 18:13:12 [/eccube/html/manage/products/product.php] access : user=pugachev2011 auth=0 sid=dc03de0c from ::1
2022/07/31 18:15:24 [/eccube/html/manage/products/product.php] access : user=pugachev2011 auth=0 sid=dc03de0c from ::1
2022/07/31 18:17:36 [/eccube/html/manage/customer/edit.php] access : user=pugachev2011 auth=0 sid=dc03de0c from ::1
2022/07/31 18:17:47 [/eccube/html/manage/customer/edit.php] access : user=pugachev2011 auth=0 sid=dc03de0c from ::1
2022/07/31 18:17:57 [/eccube/html/manage/products/index.php] access : user=pugachev2011 auth=0 sid=dc03de0c from ::1
2022/07/31 18:17:59 [/eccube/html/manage/products/index.php] access : user=pugachev2011 auth=0 sid=dc03de0c from ::1
2022/07/31 18:18:05 [/eccube/html/manage/customer/edit.php] access : user=pugachev2011 auth=0 sid=dc03de0c from ::1
2022/07/31 18:18:16 [/eccube/html/manage/customer/index.php] access : user=pugachev2011 auth=0 sid=dc03de0c from ::1
2022/07/31 18:18:21 [/eccube/html/manage/customer/index.php] access : user=pugachev2011 auth=0 sid=dc03de0c from ::1
2022/07/31 18:18:26 [/eccube/html/manage/customer/edit.php] access : user=pugachev2011 auth=0 sid=dc03de0c from ::1
2022/07/31 18:19:32 [/eccube/html/manage/customer/edit.php] access : user=pugachev2011 auth=0 sid=dc03de0c from ::1
2022/07/31 18:22:55 [/eccube/html/manage/customer/edit.php] access : user=pugachev2011 auth=0 sid=dc03de0c from ::1
2022/07/31 18:46:17 [/eccube/html/manage/customer/edit.php] access : user=pugachev2011 auth=0 sid=dc03de0c from ::1
2022/07/31 18:46:18 [/eccube/html/manage/customer/edit.php] access : user=pugachev2011 auth=0 sid=dc03de0c from ::1
2022/07/31 18:46:54 [/eccube/html/manage/customer/edit.php] access : user=pugachev2011 auth=0 sid=dc03de0c from ::1
2022/07/31 19:15:00 [/eccube/html/manage/products/product.php] access : user=pugachev2011 auth=0 sid=dc03de0c from ::1
2022/07/31 19:17:55 [/eccube/html/manage/products/product.php] access : user=pugachev2011 auth=0 sid=dc03de0c from ::1
2022/07/31 19:20:20 [/eccube/html/manage/customer/edit.php] access : user=pugachev2011 auth=0 sid=dc03de0c from ::1
2022/07/31 19:20:44 [/eccube/html/manage/customer/edit.php] access : user=pugachev2011 auth=0 sid=dc03de0c from ::1
2022/07/31 19:21:52 [/eccube/html/manage/products/product.php] access : user=pugachev2011 auth=0 sid=dc03de0c from ::1
2022/07/31 19:21:56 [/eccube/html/manage/products/product.php] access : user=pugachev2011 auth=0 sid=dc03de0c from ::1
2022/07/31 19:22:05 [/eccube/html/manage/products/product.php] access : user=pugachev2011 auth=0 sid=dc03de0c from ::1
2022/07/31 19:23:55 [/eccube/html/manage/customer/edit.php] access : user=pugachev2011 auth=0 sid=dc03de0c from ::1
2022/07/31 19:24:10 [/eccube/html/manage/products/product.php] access : user=pugachev2011 auth=0 sid=dc03de0c from ::1
2022/07/31 19:35:52 [/eccube/html/manage/products/product.php] access : user=pugachev2011 auth=0 sid=dc03de0c from ::1
2022/07/31 19:36:43 [/eccube/html/manage/products/product.php] access : user=pugachev2011 auth=0 sid=dc03de0c from ::1
2022/07/31 19:37:35 [/eccube/html/manage/products/product.php] access : user=pugachev2011 auth=0 sid=dc03de0c from ::1
2022/07/31 19:41:47 [/eccube/html/manage/products/product.php] access : user=pugachev2011 auth=0 sid=dc03de0c from ::1
2022/07/31 19:47:43 [/eccube/html/manage/customer/edit.php] access : user=pugachev2011 auth=0 sid=dc03de0c from ::1
2022/07/31 19:58:29 [/eccube/html/manage/customer/edit.php] access : user=pugachev2011 auth=0 sid=dc03de0c from ::1
2022/07/31 19:59:00 [/eccube/html/manage/customer/edit.php] access : user=pugachev2011 auth=0 sid=dc03de0c from ::1
2022/07/31 20:04:30 [/eccube/html/manage/products/product.php] access : user=pugachev2011 auth=0 sid=dc03de0c from ::1
2022/07/31 20:04:48 [/eccube/html/manage/products/product.php] access : user=pugachev2011 auth=0 sid=dc03de0c from ::1
2022/07/31 20:08:41 [/eccube/html/manage/products/product.php] access : user=pugachev2011 auth=0 sid=dc03de0c from ::1
2022/07/31 20:11:32 [/eccube/html/manage/customer/edit.php] access : user=pugachev2011 auth=0 sid=dc03de0c from ::1
2022/07/31 20:21:17 [/eccube/html/manage/customer/edit.php] access : user=pugachev2011 auth=0 sid=dc03de0c from ::1
2022/07/31 20:22:18 [/eccube/html/manage/customer/edit.php] access : user=pugachev2011 auth=0 sid=dc03de0c from ::1
2022/07/31 20:22:39 [/eccube/html/manage/products/product.php] access : user=pugachev2011 auth=0 sid=dc03de0c from ::1
2022/07/31 20:25:59 [/eccube/html/manage/customer/edit.php] access : user=pugachev2011 auth=0 sid=dc03de0c from ::1
2022/07/31 20:26:06 [/eccube/html/manage/customer/edit.php] access : user=pugachev2011 auth=0 sid=dc03de0c from ::1
2022/07/31 20:33:23 [/eccube/html/manage/customer/edit.php] access : user=pugachev2011 auth=0 sid=dc03de0c from ::1
2022/07/31 20:34:59 [/eccube/html/manage/customer/edit.php] access : user=pugachev2011 auth=0 sid=dc03de0c from ::1
2022/07/31 20:35:53 [/eccube/html/manage/products/product.php] access : user=pugachev2011 auth=0 sid=dc03de0c from ::1
2022/07/31 20:36:45 [/eccube/html/manage/customer/edit.php] access : user=pugachev2011 auth=0 sid=dc03de0c from ::1
2022/07/31 20:37:37 [/eccube/html/manage/customer/edit.php] access : user=pugachev2011 auth=0 sid=dc03de0c from ::1
2022/07/31 20:43:17 [/eccube/html/manage/products/product.php] access : user=pugachev2011 auth=0 sid=dc03de0c from ::1
2022/07/31 20:43:47 [/eccube/html/manage/products/product.php] access : user=pugachev2011 auth=0 sid=dc03de0c from ::1
2022/07/31 20:45:11 [/eccube/html/manage/customer/edit.php] access : user=pugachev2011 auth=0 sid=dc03de0c from ::1
2022/07/31 20:45:19 [/eccube/html/manage/customer/edit.php] access : user=pugachev2011 auth=0 sid=dc03de0c from ::1
2022/07/31 20:48:06 [/eccube/html/manage/customer/edit.php] access : user=pugachev2011 auth=0 sid=dc03de0c from ::1
2022/07/31 20:48:14 [/eccube/html/manage/customer/edit.php] access : user=pugachev2011 auth=0 sid=dc03de0c from ::1
2022/07/31 20:58:13 [/eccube/html/manage/customer/edit.php] access : user=pugachev2011 auth=0 sid=dc03de0c from ::1
2022/07/31 20:59:25 [/eccube/html/manage/customer/edit.php] access : user=pugachev2011 auth=0 sid=dc03de0c from ::1
2022/07/31 21:07:57 [/eccube/html/manage/customer/edit.php] access : user=pugachev2011 auth=0 sid=dc03de0c from ::1
2022/07/31 21:09:50 [/eccube/html/manage/customer/edit.php] access : user=pugachev2011 auth=0 sid=dc03de0c from ::1
2022/07/31 21:11:47 [/eccube/html/manage/customer/edit.php] access : user=pugachev2011 auth=0 sid=dc03de0c from ::1
2022/07/31 21:13:36 [/eccube/html/manage/customer/edit.php] access : user=pugachev2011 auth=0 sid=dc03de0c from ::1
2022/07/31 21:15:51 [/eccube/html/manage/customer/edit.php] access : user=pugachev2011 auth=0 sid=dc03de0c from ::1
2022/07/31 21:15:58 [/eccube/html/manage/customer/edit.php] access : user=pugachev2011 auth=0 sid=dc03de0c from ::1
2022/07/31 21:19:51 [/eccube/html/manage/customer/edit.php] access : user=pugachev2011 auth=0 sid=dc03de0c from ::1
2022/07/31 21:20:45 [/eccube/html/manage/products/product.php] access : user=pugachev2011 auth=0 sid=dc03de0c from ::1
2022/07/31 21:22:23 [/eccube/html/manage/products/product.php] access : user=pugachev2011 auth=0 sid=dc03de0c from ::1
2022/07/31 21:25:43 [/eccube/html/manage/products/product.php] access : user=pugachev2011 auth=0 sid=dc03de0c from ::1
2022/07/31 21:26:18 [/eccube/html/manage/customer/edit.php] access : user=pugachev2011 auth=0 sid=dc03de0c from ::1
2022/07/31 21:29:29 [/eccube/html/manage/customer/edit.php] access : user=pugachev2011 auth=0 sid=dc03de0c from ::1
2022/07/31 21:30:40 [/eccube/html/manage/products/product.php] access : user=pugachev2011 auth=0 sid=dc03de0c from ::1
2022/07/31 21:31:30 [/eccube/html/manage/products/product.php] access : user=pugachev2011 auth=0 sid=dc03de0c from ::1
2022/07/31 21:31:51 [/eccube/html/manage/customer/edit.php] access : user=pugachev2011 auth=0 sid=dc03de0c from ::1
2022/07/31 21:34:04 [/eccube/html/manage/products/product.php] access : user=pugachev2011 auth=0 sid=dc03de0c from ::1
2022/07/31 21:34:21 [/eccube/html/manage/products/product.php] access : user=pugachev2011 auth=0 sid=dc03de0c from ::1
2022/07/31 21:37:26 [/eccube/html/manage/customer/edit.php] access : user=pugachev2011 auth=0 sid=dc03de0c from ::1
2022/07/31 21:37:48 [/eccube/html/manage/customer/edit.php] access : user=pugachev2011 auth=0 sid=dc03de0c from ::1
2022/07/31 21:39:23 [/eccube/html/manage/products/product.php] access : user=pugachev2011 auth=0 sid=dc03de0c from ::1
2022/07/31 21:39:35 [/eccube/html/manage/customer/edit.php] access : user=pugachev2011 auth=0 sid=dc03de0c from ::1
2022/07/31 21:51:14 [/eccube/html/manage/customer/edit.php] access : user=pugachev2011 auth=0 sid=dc03de0c from ::1
2022/07/31 21:55:25 [/eccube/html/manage/customer/edit.php] access : user=pugachev2011 auth=0 sid=dc03de0c from ::1
2022/07/31 21:56:17 [/eccube/html/manage/customer/edit.php] access : user=pugachev2011 auth=0 sid=dc03de0c from ::1
2022/07/31 21:57:57 [/eccube/html/manage/products/product.php] access : user=pugachev2011 auth=0 sid=dc03de0c from ::1
2022/07/31 22:09:53 [/eccube/html/manage/products/product.php] access : user=pugachev2011 auth=0 sid=dc03de0c from ::1
2022/07/31 22:10:21 [/eccube/html/manage/products/product.php] access : user=pugachev2011 auth=0 sid=dc03de0c from ::1
2022/07/31 22:10:56 [/eccube/html/manage/products/product.php] access : user=pugachev2011 auth=0 sid=dc03de0c from ::1
2022/07/31 22:10:57 [/eccube/html/manage/products/product.php] access : user=pugachev2011 auth=0 sid=dc03de0c from ::1
2022/07/31 22:11:01 [/eccube/html/manage/customer/edit.php] access : user=pugachev2011 auth=0 sid=dc03de0c from ::1
2022/07/31 22:11:20 [/eccube/html/manage/index.php] access : user=pugachev2011 auth=0 sid=b12e69df from ::1
2022/07/31 22:11:20 [/eccube/html/manage/index.php] login: user=pugachev2011(2) auth=0 lastlogin=2022-07-30 15:52:40 sid=b12e69df from ::1
2022/07/31 22:11:20 [/eccube/html/manage/home.php] access : user=pugachev2011 auth=0 sid=b12e69df from ::1
2022/07/31 22:11:29 [/eccube/html/manage/customer/edit.php] access : user=pugachev2011 auth=0 sid=b12e69df from ::1
2022/07/31 22:13:39 [/eccube/html/manage/customer/edit.php] access : user=pugachev2011 auth=0 sid=b12e69df from ::1
2022/07/31 22:13:48 [/eccube/html/manage/customer/edit.php] access : user=pugachev2011 auth=0 sid=b12e69df from ::1
2022/07/31 22:15:26 [/eccube/html/manage/customer/edit.php] access : user=pugachev2011 auth=0 sid=b12e69df from ::1
2022/07/31 22:16:11 [/eccube/html/manage/products/product.php] access : user=pugachev2011 auth=0 sid=b12e69df from ::1
2022/07/31 22:24:59 [/eccube/html/manage/customer/edit.php] access : user=pugachev2011 auth=0 sid=b12e69df from ::1
2022/07/31 22:25:05 [/eccube/html/manage/customer/edit.php] access : user=pugachev2011 auth=0 sid=b12e69df from ::1
2022/07/31 22:25:22 [/eccube/html/manage/customer/edit.php] access : user=pugachev2011 auth=0 sid=b12e69df from ::1
2022/07/31 22:25:29 [/eccube/html/manage/customer/edit.php] access : user=pugachev2011 auth=0 sid=b12e69df from ::1
2022/07/31 22:27:18 [/eccube/html/manage/customer/edit.php] access : user=pugachev2011 auth=0 sid=b12e69df from ::1
2022/07/31 22:27:24 [/eccube/html/manage/customer/edit.php] access : user=pugachev2011 auth=0 sid=b12e69df from ::1
2022/07/31 22:29:06 [/eccube/html/manage/customer/edit.php] access : user=pugachev2011 auth=0 sid=b12e69df from ::1
2022/07/31 22:29:14 [/eccube/html/manage/customer/edit.php] access : user=pugachev2011 auth=0 sid=b12e69df from ::1
2022/07/31 22:37:49 [/eccube/html/manage/customer/edit.php] access : user=pugachev2011 auth=0 sid=b12e69df from ::1
2022/07/31 22:44:45 [/eccube/html/manage/customer/edit.php] access : user=pugachev2011 auth=0 sid=b12e69df from ::1
2022/07/31 22:46:22 [/eccube/html/manage/customer/edit.php] access : user=pugachev2011 auth=0 sid=b12e69df from ::1
2022/07/31 22:48:06 [/eccube/html/manage/customer/edit.php] access : user=pugachev2011 auth=0 sid=b12e69df from ::1
2022/07/31 22:50:07 [/eccube/html/manage/customer/edit.php] access : user=pugachev2011 auth=0 sid=b12e69df from ::1
2022/07/31 22:50:53 [/eccube/html/manage/customer/edit.php] access : user=pugachev2011 auth=0 sid=b12e69df from ::1
2022/07/31 22:51:09 [/eccube/html/manage/customer/edit.php] access : user=pugachev2011 auth=0 sid=b12e69df from ::1
2022/07/31 22:51:18 [/eccube/html/manage/customer/edit.php] access : user=pugachev2011 auth=0 sid=b12e69df from ::1
2022/07/31 22:52:46 [/eccube/html/manage/customer/edit.php] access : user=pugachev2011 auth=0 sid=b12e69df from ::1
2022/07/31 23:00:35 [/eccube/html/manage/customer/edit.php] access : user=pugachev2011 auth=0 sid=b12e69df from ::1
2022/07/31 23:00:49 [/eccube/html/manage/products/product.php] access : user=pugachev2011 auth=0 sid=b12e69df from ::1
2022/07/31 23:02:44 [/eccube/html/manage/customer/edit.php] access : user=pugachev2011 auth=0 sid=b12e69df from ::1
2022/08/01 07:01:38 [/eccube/html/manage/customer/edit.php] access : user=pugachev2011 auth=0 sid=b12e69df from ::1
2022/08/01 07:19:00 [/eccube/html/manage/products/product.php] access : user=pugachev2011 auth=0 sid=b12e69df from ::1
2022/08/01 07:19:11 [/eccube/html/manage/customer/edit.php] access : user=pugachev2011 auth=0 sid=b12e69df from ::1
2022/08/01 07:21:32 [/eccube/html/manage/customer/edit.php] access : user=pugachev2011 auth=0 sid=b12e69df from ::1
2022/08/01 07:25:21 [/eccube/html/manage/customer/edit.php] access : user=pugachev2011 auth=0 sid=b12e69df from ::1
2022/08/01 07:25:36 [/eccube/html/manage/customer/index.php] access : user=pugachev2011 auth=0 sid=b12e69df from ::1
2022/08/01 07:25:41 [/eccube/html/manage/customer/edit.php] access : user=pugachev2011 auth=0 sid=b12e69df from ::1
2022/08/01 07:25:53 [/eccube/html/manage/customer/edit.php] access : user=pugachev2011 auth=0 sid=b12e69df from ::1
2022/08/01 07:25:55 [/eccube/html/manage/customer/edit.php] access : user=pugachev2011 auth=0 sid=b12e69df from ::1
2022/08/01 07:31:14 [/eccube/html/manage/index.php] access : user=pugachev2011 auth=0 sid=0b4b2e6c from ::1
2022/08/01 07:31:14 [/eccube/html/manage/index.php] login: user=pugachev2011(2) auth=0 lastlogin=2022-07-31 22:11:20 sid=0b4b2e6c from ::1
2022/08/01 07:31:14 [/eccube/html/manage/home.php] access : user=pugachev2011 auth=0 sid=0b4b2e6c from ::1
2022/08/01 07:31:19 [/eccube/html/manage/customer/index.php] access : user=pugachev2011 auth=0 sid=0b4b2e6c from ::1
2022/08/01 07:31:21 [/eccube/html/manage/customer/index.php] access : user=pugachev2011 auth=0 sid=0b4b2e6c from ::1
2022/08/01 07:31:25 [/eccube/html/manage/customer/edit.php] access : user=pugachev2011 auth=0 sid=0b4b2e6c from ::1
2022/08/01 07:32:22 [/eccube/html/manage/index.php] access : user=pugachev2011 auth=0 sid=9cff20d2 from ::1
2022/08/01 07:32:22 [/eccube/html/manage/index.php] login: user=pugachev2011(2) auth=0 lastlogin=2022-08-01 07:31:14 sid=9cff20d2 from ::1
2022/08/01 07:32:22 [/eccube/html/manage/home.php] access : user=pugachev2011 auth=0 sid=9cff20d2 from ::1
2022/08/01 07:32:26 [/eccube/html/manage/customer/index.php] access : user=pugachev2011 auth=0 sid=9cff20d2 from ::1
2022/08/01 07:32:28 [/eccube/html/manage/customer/index.php] access : user=pugachev2011 auth=0 sid=9cff20d2 from ::1
2022/08/01 07:32:32 [/eccube/html/manage/customer/edit.php] access : user=pugachev2011 auth=0 sid=9cff20d2 from ::1
2022/08/01 07:48:29 [/eccube/html/manage/index.php] access : user=pugachev2011 auth=0 sid=aee61603 from ::1
2022/08/01 07:48:29 [/eccube/html/manage/index.php] login: user=pugachev2011(2) auth=0 lastlogin=2022-08-01 07:32:22 sid=aee61603 from ::1
2022/08/01 07:48:29 [/eccube/html/manage/home.php] access : user=pugachev2011 auth=0 sid=aee61603 from ::1
2022/08/01 07:48:33 [/eccube/html/manage/customer/index.php] access : user=pugachev2011 auth=0 sid=aee61603 from ::1
2022/08/01 07:48:34 [/eccube/html/manage/customer/index.php] access : user=pugachev2011 auth=0 sid=aee61603 from ::1
2022/08/01 07:48:38 [/eccube/html/manage/customer/edit.php] access : user=pugachev2011 auth=0 sid=aee61603 from ::1
2022/08/01 07:50:48 [/eccube/html/manage/customer/edit.php] access : user=pugachev2011 auth=0 sid=aee61603 from ::1
2022/08/01 07:51:50 [/eccube/html/manage/index.php] access : user=pugachev2011 auth=0 sid=789ae168 from ::1
2022/08/01 07:51:50 [/eccube/html/manage/index.php] login: user=pugachev2011(2) auth=0 lastlogin=2022-08-01 07:48:29 sid=789ae168 from ::1
2022/08/01 07:51:50 [/eccube/html/manage/home.php] access : user=pugachev2011 auth=0 sid=789ae168 from ::1
2022/08/01 07:51:54 [/eccube/html/manage/customer/index.php] access : user=pugachev2011 auth=0 sid=789ae168 from ::1
2022/08/01 07:51:55 [/eccube/html/manage/customer/index.php] access : user=pugachev2011 auth=0 sid=789ae168 from ::1
2022/08/01 07:52:01 [/eccube/html/manage/customer/edit.php] access : user=pugachev2011 auth=0 sid=789ae168 from ::1
2022/08/01 07:54:08 [/eccube/html/manage/customer/edit.php] access : user=pugachev2011 auth=0 sid=789ae168 from ::1
2022/08/01 07:54:09 [/eccube/html/manage/customer/edit.php] access : user=pugachev2011 auth=0 sid=789ae168 from ::1
2022/08/01 07:54:15 [/eccube/html/manage/customer/index.php] access : user=pugachev2011 auth=0 sid=789ae168 from ::1
2022/08/01 07:54:17 [/eccube/html/manage/customer/index.php] access : user=pugachev2011 auth=0 sid=789ae168 from ::1
2022/08/01 07:54:19 [/eccube/html/manage/customer/edit.php] access : user=pugachev2011 auth=0 sid=789ae168 from ::1
2022/08/01 07:54:27 [/eccube/html/manage/customer/edit.php] access : user=pugachev2011 auth=0 sid=789ae168 from ::1
2022/08/01 07:54:29 [/eccube/html/manage/customer/edit.php] access : user=pugachev2011 auth=0 sid=789ae168 from ::1
2022/08/01 07:54:31 [/eccube/html/manage/customer/index.php] access : user=pugachev2011 auth=0 sid=789ae168 from ::1
