2022/07/16 14:24:38 [/ec-cube2/html/index.php] Warning(E_WARNING): Use of undefined constant ROOT_URLPATH - assumed 'ROOT_URLPATH' (this will throw an Error in a future version of PHP) on [/Applications/XAMPP/xamppfiles/htdocs/ec-cube2/data/cache/mtb_constants.php(185)] from ::1
2022/07/16 14:24:38 [/ec-cube2/html/index.php] Warning(E_WARNING): Use of undefined constant ROOT_URLPATH - assumed 'ROOT_URLPATH' (this will throw an Error in a future version of PHP) on [/Applications/XAMPP/xamppfiles/htdocs/ec-cube2/data/cache/mtb_constants.php(187)] from ::1
2022/07/16 14:24:38 [/ec-cube2/html/index.php] Warning(E_WARNING): Use of undefined constant HTTP_URL - assumed 'HTTP_URL' (this will throw an Error in a future version of PHP) on [/Applications/XAMPP/xamppfiles/htdocs/ec-cube2/data/cache/mtb_constants.php(189)] from ::1
2022/07/16 14:24:38 [/ec-cube2/html/index.php] Warning(E_WARNING): Use of undefined constant HTTP_URL - assumed 'HTTP_URL' (this will throw an Error in a future version of PHP) on [/Applications/XAMPP/xamppfiles/htdocs/ec-cube2/data/cache/mtb_constants.php(191)] from ::1
2022/07/16 14:24:38 [/ec-cube2/html/index.php] Warning(E_WARNING): Use of undefined constant ROOT_URLPATH - assumed 'ROOT_URLPATH' (this will throw an Error in a future version of PHP) on [/Applications/XAMPP/xamppfiles/htdocs/ec-cube2/data/cache/mtb_constants.php(197)] from ::1
2022/07/16 14:24:38 [/ec-cube2/html/index.php] Warning(E_WARNING): Use of undefined constant ADMIN_DIR - assumed 'ADMIN_DIR' (this will throw an Error in a future version of PHP) on [/Applications/XAMPP/xamppfiles/htdocs/ec-cube2/data/cache/mtb_constants.php(197)] from ::1
2022/07/16 14:24:38 [/ec-cube2/html/index.php] Warning(E_WARNING): Use of undefined constant ROOT_URLPATH - assumed 'ROOT_URLPATH' (this will throw an Error in a future version of PHP) on [/Applications/XAMPP/xamppfiles/htdocs/ec-cube2/data/cache/mtb_constants.php(199)] from ::1
2022/07/16 14:24:38 [/ec-cube2/html/index.php] Warning(E_WARNING): Use of undefined constant ROOT_URLPATH - assumed 'ROOT_URLPATH' (this will throw an Error in a future version of PHP) on [/Applications/XAMPP/xamppfiles/htdocs/ec-cube2/data/cache/mtb_constants.php(201)] from ::1
2022/07/16 14:24:38 [/ec-cube2/html/index.php] Warning(E_WARNING): Use of undefined constant ADMIN_DIR - assumed 'ADMIN_DIR' (this will throw an Error in a future version of PHP) on [/Applications/XAMPP/xamppfiles/htdocs/ec-cube2/data/cache/mtb_constants.php(201)] from ::1
2022/07/16 14:24:38 [/ec-cube2/html/index.php] Warning(E_WARNING): Use of undefined constant ROOT_URLPATH - assumed 'ROOT_URLPATH' (this will throw an Error in a future version of PHP) on [/Applications/XAMPP/xamppfiles/htdocs/ec-cube2/data/cache/mtb_constants.php(203)] from ::1
2022/07/16 14:24:38 [/ec-cube2/html/index.php] Warning(E_WARNING): Use of undefined constant ADMIN_DIR - assumed 'ADMIN_DIR' (this will throw an Error in a future version of PHP) on [/Applications/XAMPP/xamppfiles/htdocs/ec-cube2/data/cache/mtb_constants.php(203)] from ::1
2022/07/16 14:24:38 [/ec-cube2/html/index.php] Warning(E_WARNING): Use of undefined constant ROOT_URLPATH - assumed 'ROOT_URLPATH' (this will throw an Error in a future version of PHP) on [/Applications/XAMPP/xamppfiles/htdocs/ec-cube2/data/cache/mtb_constants.php(205)] from ::1
2022/07/16 14:24:38 [/ec-cube2/html/index.php] Warning(E_WARNING): Use of undefined constant ADMIN_DIR - assumed 'ADMIN_DIR' (this will throw an Error in a future version of PHP) on [/Applications/XAMPP/xamppfiles/htdocs/ec-cube2/data/cache/mtb_constants.php(205)] from ::1
2022/07/16 14:24:38 [/ec-cube2/html/index.php] Warning(E_WARNING): Use of undefined constant ROOT_URLPATH - assumed 'ROOT_URLPATH' (this will throw an Error in a future version of PHP) on [/Applications/XAMPP/xamppfiles/htdocs/ec-cube2/data/cache/mtb_constants.php(207)] from ::1
2022/07/16 14:24:38 [/ec-cube2/html/index.php] Warning(E_WARNING): Use of undefined constant ADMIN_DIR - assumed 'ADMIN_DIR' (this will throw an Error in a future version of PHP) on [/Applications/XAMPP/xamppfiles/htdocs/ec-cube2/data/cache/mtb_constants.php(207)] from ::1
2022/07/16 14:24:38 [/ec-cube2/html/index.php] Warning(E_WARNING): Use of undefined constant ROOT_URLPATH - assumed 'ROOT_URLPATH' (this will throw an Error in a future version of PHP) on [/Applications/XAMPP/xamppfiles/htdocs/ec-cube2/data/cache/mtb_constants.php(209)] from ::1
2022/07/16 14:24:38 [/ec-cube2/html/index.php] Warning(E_WARNING): Use of undefined constant ADMIN_DIR - assumed 'ADMIN_DIR' (this will throw an Error in a future version of PHP) on [/Applications/XAMPP/xamppfiles/htdocs/ec-cube2/data/cache/mtb_constants.php(209)] from ::1
2022/07/16 14:24:38 [/ec-cube2/html/index.php] Warning(E_WARNING): Use of undefined constant ROOT_URLPATH - assumed 'ROOT_URLPATH' (this will throw an Error in a future version of PHP) on [/Applications/XAMPP/xamppfiles/htdocs/ec-cube2/data/cache/mtb_constants.php(211)] from ::1
2022/07/16 14:24:38 [/ec-cube2/html/index.php] Warning(E_WARNING): Use of undefined constant ADMIN_DIR - assumed 'ADMIN_DIR' (this will throw an Error in a future version of PHP) on [/Applications/XAMPP/xamppfiles/htdocs/ec-cube2/data/cache/mtb_constants.php(211)] from ::1
2022/07/16 14:24:38 [/ec-cube2/html/index.php] Warning(E_WARNING): Use of undefined constant ROOT_URLPATH - assumed 'ROOT_URLPATH' (this will throw an Error in a future version of PHP) on [/Applications/XAMPP/xamppfiles/htdocs/ec-cube2/data/cache/mtb_constants.php(213)] from ::1
2022/07/16 14:24:38 [/ec-cube2/html/index.php] Warning(E_WARNING): Use of undefined constant ADMIN_DIR - assumed 'ADMIN_DIR' (this will throw an Error in a future version of PHP) on [/Applications/XAMPP/xamppfiles/htdocs/ec-cube2/data/cache/mtb_constants.php(213)] from ::1
2022/07/16 14:24:38 [/ec-cube2/html/index.php] Warning(E_WARNING): Use of undefined constant HTTPS_URL - assumed 'HTTPS_URL' (this will throw an Error in a future version of PHP) on [/Applications/XAMPP/xamppfiles/htdocs/ec-cube2/data/cache/mtb_constants.php(274)] from ::1
2022/07/16 14:24:38 [/ec-cube2/html/index.php] Warning(E_WARNING): Use of undefined constant HTTPS_URL - assumed 'HTTPS_URL' (this will throw an Error in a future version of PHP) on [/Applications/XAMPP/xamppfiles/htdocs/ec-cube2/data/cache/mtb_constants.php(276)] from ::1
2022/07/16 14:24:38 [/ec-cube2/html/index.php] Warning(E_WARNING): Use of undefined constant HTTP_URL - assumed 'HTTP_URL' (this will throw an Error in a future version of PHP) on [/Applications/XAMPP/xamppfiles/htdocs/ec-cube2/data/cache/mtb_constants.php(278)] from ::1
2022/07/16 14:24:38 [/ec-cube2/html/index.php] Warning(E_WARNING): Use of undefined constant HTTP_URL - assumed 'HTTP_URL' (this will throw an Error in a future version of PHP) on [/Applications/XAMPP/xamppfiles/htdocs/ec-cube2/data/cache/mtb_constants.php(280)] from ::1
2022/07/16 14:24:38 [/ec-cube2/html/index.php] Warning(E_WARNING): Use of undefined constant ROOT_URLPATH - assumed 'ROOT_URLPATH' (this will throw an Error in a future version of PHP) on [/Applications/XAMPP/xamppfiles/htdocs/ec-cube2/data/cache/mtb_constants.php(282)] from ::1
2022/07/16 14:24:38 [/ec-cube2/html/index.php] Warning(E_WARNING): Use of undefined constant ROOT_URLPATH - assumed 'ROOT_URLPATH' (this will throw an Error in a future version of PHP) on [/Applications/XAMPP/xamppfiles/htdocs/ec-cube2/data/cache/mtb_constants.php(284)] from ::1
2022/07/16 14:24:38 [/ec-cube2/html/index.php] Warning(E_WARNING): Use of undefined constant ROOT_URLPATH - assumed 'ROOT_URLPATH' (this will throw an Error in a future version of PHP) on [/Applications/XAMPP/xamppfiles/htdocs/ec-cube2/data/cache/mtb_constants.php(286)] from ::1
2022/07/16 14:24:38 [/ec-cube2/html/index.php] Warning(E_WARNING): Use of undefined constant ROOT_URLPATH - assumed 'ROOT_URLPATH' (this will throw an Error in a future version of PHP) on [/Applications/XAMPP/xamppfiles/htdocs/ec-cube2/data/cache/mtb_constants.php(288)] from ::1
2022/07/16 14:24:38 [/ec-cube2/html/index.php] Warning(E_WARNING): Use of undefined constant ROOT_URLPATH - assumed 'ROOT_URLPATH' (this will throw an Error in a future version of PHP) on [/Applications/XAMPP/xamppfiles/htdocs/ec-cube2/data/cache/mtb_constants.php(290)] from ::1
2022/07/16 14:24:38 [/ec-cube2/html/index.php] Warning(E_WARNING): Use of undefined constant ROOT_URLPATH - assumed 'ROOT_URLPATH' (this will throw an Error in a future version of PHP) on [/Applications/XAMPP/xamppfiles/htdocs/ec-cube2/data/cache/mtb_constants.php(292)] from ::1
2022/07/16 14:24:38 [/ec-cube2/html/index.php] Warning(E_WARNING): Use of undefined constant ROOT_URLPATH - assumed 'ROOT_URLPATH' (this will throw an Error in a future version of PHP) on [/Applications/XAMPP/xamppfiles/htdocs/ec-cube2/data/cache/mtb_constants.php(294)] from ::1
2022/07/16 14:24:38 [/ec-cube2/html/index.php] Warning(E_WARNING): Use of undefined constant ROOT_URLPATH - assumed 'ROOT_URLPATH' (this will throw an Error in a future version of PHP) on [/Applications/XAMPP/xamppfiles/htdocs/ec-cube2/data/cache/mtb_constants.php(296)] from ::1
2022/07/16 14:24:38 [/ec-cube2/html/index.php] Warning(E_WARNING): Use of undefined constant ROOT_URLPATH - assumed 'ROOT_URLPATH' (this will throw an Error in a future version of PHP) on [/Applications/XAMPP/xamppfiles/htdocs/ec-cube2/data/cache/mtb_constants.php(362)] from ::1
2022/07/16 14:24:38 [/ec-cube2/html/index.php] Warning(E_WARNING): Use of undefined constant ROOT_URLPATH - assumed 'ROOT_URLPATH' (this will throw an Error in a future version of PHP) on [/Applications/XAMPP/xamppfiles/htdocs/ec-cube2/data/cache/mtb_constants.php(364)] from ::1
2022/07/16 14:24:38 [/ec-cube2/html/index.php] Warning(E_WARNING): Use of undefined constant ROOT_URLPATH - assumed 'ROOT_URLPATH' (this will throw an Error in a future version of PHP) on [/Applications/XAMPP/xamppfiles/htdocs/ec-cube2/data/cache/mtb_constants.php(366)] from ::1
2022/07/16 14:24:38 [/ec-cube2/html/index.php] Warning(E_WARNING): Use of undefined constant ROOT_URLPATH - assumed 'ROOT_URLPATH' (this will throw an Error in a future version of PHP) on [/Applications/XAMPP/xamppfiles/htdocs/ec-cube2/data/cache/mtb_constants.php(368)] from ::1
2022/07/16 14:24:38 [/ec-cube2/html/index.php] Warning(E_WARNING): Use of undefined constant ROOT_URLPATH - assumed 'ROOT_URLPATH' (this will throw an Error in a future version of PHP) on [/Applications/XAMPP/xamppfiles/htdocs/ec-cube2/data/cache/mtb_constants.php(370)] from ::1
2022/07/16 14:24:38 [/ec-cube2/html/index.php] Warning(E_WARNING): Use of undefined constant ROOT_URLPATH - assumed 'ROOT_URLPATH' (this will throw an Error in a future version of PHP) on [/Applications/XAMPP/xamppfiles/htdocs/ec-cube2/data/cache/mtb_constants.php(372)] from ::1
2022/07/16 14:24:38 [/ec-cube2/html/index.php] Warning(E_WARNING): Use of undefined constant ROOT_URLPATH - assumed 'ROOT_URLPATH' (this will throw an Error in a future version of PHP) on [/Applications/XAMPP/xamppfiles/htdocs/ec-cube2/data/cache/mtb_constants.php(374)] from ::1
2022/07/16 14:24:38 [/ec-cube2/html/index.php] Warning(E_WARNING): Use of undefined constant ROOT_URLPATH - assumed 'ROOT_URLPATH' (this will throw an Error in a future version of PHP) on [/Applications/XAMPP/xamppfiles/htdocs/ec-cube2/data/cache/mtb_constants.php(406)] from ::1
2022/07/16 14:24:38 [/ec-cube2/html/index.php] Warning(E_WARNING): Use of undefined constant HTTP_URL - assumed 'HTTP_URL' (this will throw an Error in a future version of PHP) on [/Applications/XAMPP/xamppfiles/htdocs/ec-cube2/data/class/SC_Initial.php(247)] from ::1
2022/07/16 14:24:38 [/ec-cube2/html/index.php] Warning(E_WARNING): Use of undefined constant HTTP_URL - assumed 'HTTP_URL' (this will throw an Error in a future version of PHP) on [/Applications/XAMPP/xamppfiles/htdocs/ec-cube2/data/class/SC_Initial.php(249)] from ::1
2022/07/16 14:24:38 [/ec-cube2/html/index.php] Warning(E_WARNING): Use of undefined constant ROOT_URLPATH - assumed 'ROOT_URLPATH' (this will throw an Error in a future version of PHP) on [/Applications/XAMPP/xamppfiles/htdocs/ec-cube2/data/class/SC_Initial.php(254)] from ::1
2022/07/16 14:24:38 [/ec-cube2/html/index.php] Warning(E_WARNING): Use of undefined constant ROOT_URLPATH - assumed 'ROOT_URLPATH' (this will throw an Error in a future version of PHP) on [/Applications/XAMPP/xamppfiles/htdocs/ec-cube2/data/class/SC_Initial.php(256)] from ::1
2022/07/16 21:24:38 [/ec-cube2/html/index.php] Warning(E_WARNING): Use of undefined constant HTTP_URL - assumed 'HTTP_URL' (this will throw an Error in a future version of PHP) on [/Applications/XAMPP/xamppfiles/htdocs/ec-cube2/data/class/SC_Initial.php(514)] from ::1
2022/07/16 21:57:57 [/ec-cube2/html/manage/products/product.php] Fatal error(E_USER_ERROR): DB処理でエラーが発生しました。
SQL: [INSERT INTO dtb_products(name,status,main_list_comment,main_comment,comment1,comment2,comment3,comment4,comment5,comment6,deliv_date_id,maker_id,note,update_date,creator_id,maker_code,delivery_type_id,warranty_period_id,main_list_image,main_image,main_large_image,sub_image1,sub_large_image1,sub_image2,sub_large_image2,sub_image3,sub_large_image3,sub_image4,sub_large_image4,sub_image5,sub_large_image5,sub_title1,sub_comment1,sub_title2,sub_comment2,sub_title3,sub_comment3,sub_title4,sub_comment4,sub_title5,sub_comment5,product_id,create_date) SELECT ?,?,?,?,?,?,?,?,?,?,?,?,?,CURRENT_TIMESTAMP,?,?,?,?,?,?,?,?,?,?,?,?,?,?,?,?,?,?,?,?,?,?,?,?,?,?,?,?,CURRENT_TIMESTAMP]
PlaceHolder: [array (
  0 => '苺ショートケーキ',
  1 => '1',
  2 => '定番商品です',
  3 => '苺はあまおうです',
  4 => '',
  5 => '',
  6 => '',
  7 => '',
  8 => '',
  9 => '',
  10 => '',
  11 => '',
  12 => '',
  13 => '2',
  14 => '不二家',
  15 => '3',
  16 => '1',
  17 => '07162157_62d2b5b07705b.jpg',
  18 => '07162157_62d2b5b8b365c.jpg',
  19 => '',
  20 => '',
  21 => '',
  22 => '',
  23 => '',
  24 => '',
  25 => '',
  26 => '',
  27 => '',
  28 => '',
  29 => '',
  30 => '',
  31 => '',
  32 => '',
  33 => '',
  34 => '',
  35 => '',
  36 => '',
  37 => '',
  38 => '',
  39 => '',
  40 => '4',
)]
MDB2 Error: no such field
_execute: [Error message: Unable to execute statement]
[Last executed query: INSERT INTO dtb_products(name,status,main_list_comment,main_comment,comment1,comment2,comment3,comment4,comment5,comment6,deliv_date_id,maker_id,note,update_date,creator_id,maker_code,delivery_type_id,warranty_period_id,main_list_image,main_image,main_large_image,sub_image1,sub_large_image1,sub_image2,sub_large_image2,sub_image3,sub_large_image3,sub_image4,sub_large_image4,sub_image5,sub_large_image5,sub_title1,sub_comment1,sub_title2,sub_comment2,sub_title3,sub_comment3,sub_title4,sub_comment4,sub_title5,sub_comment5,product_id,create_date) SELECT ?,?,?,?,?,?,?,?,?,?,?,?,?,CURRENT_TIMESTAMP,?,?,?,?,?,?,?,?,?,?,?,?,?,?,?,?,?,?,?,?,?,?,?,?,?,?,?,?,CURRENT_TIMESTAMP]
[Native code: 1054]
[Native message: Unknown column 'maker_code' in 'field list']
 on [/Applications/XAMPP/xamppfiles/htdocs/ec-cube2/data/class/SC_Query.php(1106)] from ::1
login_id = pugachev2011(0)[6cbb2da7]
/Applications/XAMPP/xamppfiles/htdocs/ec-cube2/html/manage/products/product.php(29): LC_Page_Admin_Products_Product_Ex->process
/Applications/XAMPP/xamppfiles/htdocs/ec-cube2/data/class_extends/page_extends/admin/products/LC_Page_Admin_Products_Product_Ex.php(54): LC_Page_Admin_Products_Product->process
/Applications/XAMPP/xamppfiles/htdocs/ec-cube2/data/class/pages/admin/products/LC_Page_Admin_Products_Product.php(74): LC_Page_Admin_Products_Product->action
/Applications/XAMPP/xamppfiles/htdocs/ec-cube2/data/class/pages/admin/products/LC_Page_Admin_Products_Product.php(168): LC_Page_Admin_Products_Product->lfRegistProduct
/Applications/XAMPP/xamppfiles/htdocs/ec-cube2/data/class/pages/admin/products/LC_Page_Admin_Products_Product.php(1073): SC_Query->insert
/Applications/XAMPP/xamppfiles/htdocs/ec-cube2/data/class/SC_Query.php(586): SC_Query->query
/Applications/XAMPP/xamppfiles/htdocs/ec-cube2/data/class/SC_Query.php(884): SC_Query->execute
/Applications/XAMPP/xamppfiles/htdocs/ec-cube2/data/class/SC_Query.php(1067): SC_Query->error
/Applications/XAMPP/xamppfiles/htdocs/ec-cube2/data/class/SC_Query.php(1106): trigger_error
2022/07/16 22:01:33 [/ec-cube2/html/manage/products/product.php] Fatal error(E_USER_ERROR): DB処理でエラーが発生しました。
SQL: [INSERT INTO dtb_products(name,status,main_list_comment,main_comment,comment1,comment2,comment3,comment4,comment5,comment6,deliv_date_id,maker_id,note,update_date,creator_id,maker_code,delivery_type_id,warranty_period_id,main_list_image,main_image,main_large_image,sub_image1,sub_large_image1,sub_image2,sub_large_image2,sub_image3,sub_large_image3,sub_image4,sub_large_image4,sub_image5,sub_large_image5,sub_title1,sub_comment1,sub_title2,sub_comment2,sub_title3,sub_comment3,sub_title4,sub_comment4,sub_title5,sub_comment5,product_id,create_date) SELECT ?,?,?,?,?,?,?,?,?,?,?,?,?,CURRENT_TIMESTAMP,?,?,?,?,?,?,?,?,?,?,?,?,?,?,?,?,?,?,?,?,?,?,?,?,?,?,?,?,CURRENT_TIMESTAMP]
PlaceHolder: [array (
  0 => '苺ショートケーキ',
  1 => '1',
  2 => '定番のお味です',
  3 => 'あまおうの苺です',
  4 => '',
  5 => '',
  6 => '',
  7 => '',
  8 => '',
  9 => '',
  10 => '',
  11 => '',
  12 => '',
  13 => '2',
  14 => '',
  15 => '3',
  16 => '',
  17 => '07162201_62d2b68c7189e.jpg',
  18 => '07162201_62d2b695b1c73.jpg',
  19 => '07162201_62d2b69fe2490.jpg',
  20 => '',
  21 => '',
  22 => '',
  23 => '',
  24 => '',
  25 => '',
  26 => '',
  27 => '',
  28 => '',
  29 => '',
  30 => '',
  31 => '',
  32 => '',
  33 => '',
  34 => '',
  35 => '',
  36 => '',
  37 => '',
  38 => '',
  39 => '',
  40 => '5',
)]
MDB2 Error: no such field
_execute: [Error message: Unable to execute statement]
[Last executed query: INSERT INTO dtb_products(name,status,main_list_comment,main_comment,comment1,comment2,comment3,comment4,comment5,comment6,deliv_date_id,maker_id,note,update_date,creator_id,maker_code,delivery_type_id,warranty_period_id,main_list_image,main_image,main_large_image,sub_image1,sub_large_image1,sub_image2,sub_large_image2,sub_image3,sub_large_image3,sub_image4,sub_large_image4,sub_image5,sub_large_image5,sub_title1,sub_comment1,sub_title2,sub_comment2,sub_title3,sub_comment3,sub_title4,sub_comment4,sub_title5,sub_comment5,product_id,create_date) SELECT ?,?,?,?,?,?,?,?,?,?,?,?,?,CURRENT_TIMESTAMP,?,?,?,?,?,?,?,?,?,?,?,?,?,?,?,?,?,?,?,?,?,?,?,?,?,?,?,?,CURRENT_TIMESTAMP]
[Native code: 1054]
[Native message: Unknown column 'maker_code' in 'field list']
 on [/Applications/XAMPP/xamppfiles/htdocs/ec-cube2/data/class/SC_Query.php(1106)] from ::1
login_id = pugachev2011(0)[c46f24b1]
/Applications/XAMPP/xamppfiles/htdocs/ec-cube2/html/manage/products/product.php(29): LC_Page_Admin_Products_Product_Ex->process
/Applications/XAMPP/xamppfiles/htdocs/ec-cube2/data/class_extends/page_extends/admin/products/LC_Page_Admin_Products_Product_Ex.php(54): LC_Page_Admin_Products_Product->process
/Applications/XAMPP/xamppfiles/htdocs/ec-cube2/data/class/pages/admin/products/LC_Page_Admin_Products_Product.php(74): LC_Page_Admin_Products_Product->action
/Applications/XAMPP/xamppfiles/htdocs/ec-cube2/data/class/pages/admin/products/LC_Page_Admin_Products_Product.php(168): LC_Page_Admin_Products_Product->lfRegistProduct
/Applications/XAMPP/xamppfiles/htdocs/ec-cube2/data/class/pages/admin/products/LC_Page_Admin_Products_Product.php(1073): SC_Query->insert
/Applications/XAMPP/xamppfiles/htdocs/ec-cube2/data/class/SC_Query.php(586): SC_Query->query
/Applications/XAMPP/xamppfiles/htdocs/ec-cube2/data/class/SC_Query.php(884): SC_Query->execute
/Applications/XAMPP/xamppfiles/htdocs/ec-cube2/data/class/SC_Query.php(1067): SC_Query->error
/Applications/XAMPP/xamppfiles/htdocs/ec-cube2/data/class/SC_Query.php(1106): trigger_error
2022/07/16 22:17:46 [/ec-cube2/html/manage/products/product.php] Warning(E_WARNING): count(): Parameter must be an array or an object that implements Countable on [/Applications/XAMPP/xamppfiles/htdocs/ec-cube2/data/class/SC_Product.php(782)] from ::1
2022/07/16 22:18:33 [/ec-cube2/html/manage/products/product.php] Warning(E_WARNING): count(): Parameter must be an array or an object that implements Countable on [/Applications/XAMPP/xamppfiles/htdocs/ec-cube2/data/class/SC_Product.php(782)] from ::1
2022/07/16 22:18:51 [/ec-cube2/html/manage/products/product.php] Warning(E_WARNING): count(): Parameter must be an array or an object that implements Countable on [/Applications/XAMPP/xamppfiles/htdocs/ec-cube2/data/class/SC_Product.php(782)] from ::1
2022/07/16 22:19:24 [/ec-cube2/html/manage/products/product.php] Warning(E_WARNING): count(): Parameter must be an array or an object that implements Countable on [/Applications/XAMPP/xamppfiles/htdocs/ec-cube2/data/class/SC_Product.php(782)] from ::1
2022/07/16 22:19:32 [/ec-cube2/html/manage/products/product.php] Warning(E_WARNING): count(): Parameter must be an array or an object that implements Countable on [/Applications/XAMPP/xamppfiles/htdocs/ec-cube2/data/class/SC_Product.php(782)] from ::1
2022/07/16 22:19:38 [/ec-cube2/html/manage/products/product.php] Warning(E_WARNING): count(): Parameter must be an array or an object that implements Countable on [/Applications/XAMPP/xamppfiles/htdocs/ec-cube2/data/class/SC_Product.php(782)] from ::1
2022/07/16 22:20:06 [/ec-cube2/html/manage/products/product.php] Warning(E_WARNING): count(): Parameter must be an array or an object that implements Countable on [/Applications/XAMPP/xamppfiles/htdocs/ec-cube2/data/class/SC_Product.php(782)] from ::1
2022/07/16 22:26:44 [/ec-cube2/html/products/detail.php] Warning(E_WARNING): count(): Parameter must be an array or an object that implements Countable on [/Applications/XAMPP/xamppfiles/htdocs/ec-cube2/data/class/SC_Product.php(782)] from ::1
2022/07/16 22:35:59 [/ec-cube2/html/manage/customer/edit.php] Fatal error(E_USER_ERROR): DB処理でエラーが発生しました。
SQL: [SELECT id, name FROM mtb_house  ORDER BY `RANK` ]
MDB2 Error: no such table
_doQuery: [Error message: Could not execute statement]
[Last executed query: PREPARE mdb2_statement_mysqli_65aee9653870daf0d1cda74682085fade75265d0c FROM 'SELECT id, name FROM mtb_house  ORDER BY `RANK` ']
[Native code: 1146]
[Native message: Table 'eccube_db.mtb_house' doesn't exist]
 on [/Applications/XAMPP/xamppfiles/htdocs/ec-cube2/data/class/SC_Query.php(1106)] from ::1
login_id = pugachev2011(0)[5eab7b9f]
/Applications/XAMPP/xamppfiles/htdocs/ec-cube2/html/manage/customer/edit.php(28): LC_Page_Admin_Customer_Edit_Ex->init
/Applications/XAMPP/xamppfiles/htdocs/ec-cube2/data/class_extends/page_extends/admin/customer/LC_Page_Admin_Customer_Edit_Ex.php(44): LC_Page_Admin_Customer_Edit->init
/Applications/XAMPP/xamppfiles/htdocs/ec-cube2/data/class/pages/admin/customer/LC_Page_Admin_Customer_Edit.php(63): SC_DB_MasterData->getMasterData
/Applications/XAMPP/xamppfiles/htdocs/ec-cube2/data/class/db/SC_DB_MasterData.php(75): SC_DB_MasterData->createCache
/Applications/XAMPP/xamppfiles/htdocs/ec-cube2/data/class/db/SC_DB_MasterData.php(257): SC_DB_MasterData->getDbMasterData
/Applications/XAMPP/xamppfiles/htdocs/ec-cube2/data/class/db/SC_DB_MasterData.php(315): SC_Query->select
/Applications/XAMPP/xamppfiles/htdocs/ec-cube2/data/class/SC_Query.php(187): SC_Query->getAll
/Applications/XAMPP/xamppfiles/htdocs/ec-cube2/data/class/SC_Query.php(315): SC_Query->prepare
/Applications/XAMPP/xamppfiles/htdocs/ec-cube2/data/class/SC_Query.php(1035): SC_Query->error
/Applications/XAMPP/xamppfiles/htdocs/ec-cube2/data/class/SC_Query.php(1106): trigger_error
2022/07/16 22:44:56 [/ec-cube2/html/manage/customer/edit.php] Fatal error(E_USER_ERROR): DB処理でエラーが発生しました。
SQL: [INSERT INTO dtb_customer(name01,name02,company_name,kana01,kana02,zip01,zip02,country_id,pref,addr01,addr02,tel01,tel02,tel03,fax01,fax02,fax03,password,reminder_answer,reminder,sex,job,mailmaga_flg,email,nick_name,house_id,dm_id,customer_id,email_mobile,status,note,point,secret_key,update_date,salt,create_date) SELECT ?,?,?,?,?,?,?,?,?,?,?,?,?,?,?,?,?,?,?,?,?,?,?,?,?,?,?,?,?,?,?,?,?,CURRENT_TIMESTAMP,?,CURRENT_TIMESTAMP]
PlaceHolder: [array (
  0 => '宇垣',
  1 => '美里',
  2 => '',
  3 => 'ウガキ',
  4 => 'ミサト',
  5 => '652',
  6 => '0807',
  7 => 392,
  8 => '28',
  9 => '神戸市兵庫区',
  10 => '1-2-3',
  11 => '080',
  12 => '1111',
  13 => '1111',
  14 => '',
  15 => '',
  16 => '',
  17 => '57f7a3eea232e30ecef3a7dc646ad747d7dbf9d5c316806a32f73f6e67964be4',
  18 => '76e421135859f0ba0800eb01f1a80ee44b40078e89896cc3788402ba1ba5c1ef',
  19 => '1',
  20 => '2',
  21 => '',
  22 => '3',
  23 => 'ugaki@gmail.com',
  24 => 'うがみ',
  25 => '2',
  26 => '2',
  27 => '1',
  28 => '',
  29 => '2',
  30 => '',
  31 => '200',
  32 => 'r62d2c0d86a255EvYTbGmt',
  33 => 'a3da2d4a9c',
)]
MDB2 Error: no such field
_execute: [Error message: Unable to execute statement]
[Last executed query: INSERT INTO dtb_customer(name01,name02,company_name,kana01,kana02,zip01,zip02,country_id,pref,addr01,addr02,tel01,tel02,tel03,fax01,fax02,fax03,password,reminder_answer,reminder,sex,job,mailmaga_flg,email,nick_name,house_id,dm_id,customer_id,email_mobile,status,note,point,secret_key,update_date,salt,create_date) SELECT ?,?,?,?,?,?,?,?,?,?,?,?,?,?,?,?,?,?,?,?,?,?,?,?,?,?,?,?,?,?,?,?,?,CURRENT_TIMESTAMP,?,CURRENT_TIMESTAMP]
[Native code: 1054]
[Native message: Unknown column 'nick_name' in 'field list']
 on [/Applications/XAMPP/xamppfiles/htdocs/ec-cube2/data/class/SC_Query.php(1106)] from ::1
login_id = pugachev2011(0)[dbbe72a4]
/Applications/XAMPP/xamppfiles/htdocs/ec-cube2/html/manage/customer/edit.php(29): LC_Page_Admin_Customer_Edit_Ex->process
/Applications/XAMPP/xamppfiles/htdocs/ec-cube2/data/class_extends/page_extends/admin/customer/LC_Page_Admin_Customer_Edit_Ex.php(54): LC_Page_Admin_Customer_Edit->process
/Applications/XAMPP/xamppfiles/htdocs/ec-cube2/data/class/pages/admin/customer/LC_Page_Admin_Customer_Edit.php(84): LC_Page_Admin_Customer_Edit->action
/Applications/XAMPP/xamppfiles/htdocs/ec-cube2/data/class/pages/admin/customer/LC_Page_Admin_Customer_Edit.php(178): LC_Page_Admin_Customer_Edit->lfRegistData
/Applications/XAMPP/xamppfiles/htdocs/ec-cube2/data/class/pages/admin/customer/LC_Page_Admin_Customer_Edit.php(309): SC_Helper_Customer::sfEditCustomerData
/Applications/XAMPP/xamppfiles/htdocs/ec-cube2/data/class/helper/SC_Helper_Customer.php(122): SC_Query->insert
/Applications/XAMPP/xamppfiles/htdocs/ec-cube2/data/class/SC_Query.php(586): SC_Query->query
/Applications/XAMPP/xamppfiles/htdocs/ec-cube2/data/class/SC_Query.php(884): SC_Query->execute
/Applications/XAMPP/xamppfiles/htdocs/ec-cube2/data/class/SC_Query.php(1067): SC_Query->error
/Applications/XAMPP/xamppfiles/htdocs/ec-cube2/data/class/SC_Query.php(1106): trigger_error
2022/07/18 10:54:45 [/ec-cube2/html/manage/products/product.php] Warning(E_WARNING): count(): Parameter must be an array or an object that implements Countable on [/Applications/XAMPP/xamppfiles/htdocs/ec-cube2/data/class/SC_Product.php(782)] from ::1
2022/07/18 11:14:23 [/ec-cube2/html/products/detail.php] Warning(E_WARNING): count(): Parameter must be an array or an object that implements Countable on [/Applications/XAMPP/xamppfiles/htdocs/ec-cube2/data/class/SC_Product.php(784)] from ::1
2022/07/18 13:47:01 [/ec-cube2/html/products/detail.php] Warning(E_WARNING): count(): Parameter must be an array or an object that implements Countable on [/Applications/XAMPP/xamppfiles/htdocs/ec-cube2/data/class/SC_Product.php(782)] from ::1
2022/07/18 13:54:14 [/ec-cube2/html/manage/products/product.php] Warning(E_WARNING): count(): Parameter must be an array or an object that implements Countable on [/Applications/XAMPP/xamppfiles/htdocs/ec-cube2/data/class/SC_Product.php(782)] from ::1
2022/07/18 17:24:40 [/ec-cube2/html/manage/products/product.php] Warning(E_WARNING): count(): Parameter must be an array or an object that implements Countable on [/Applications/XAMPP/xamppfiles/htdocs/ec-cube2/data/class/SC_Product.php(782)] from ::1
2022/07/18 20:25:41 [/ec-cube2/html/manage/customer/edit.php] Fatal error(E_USER_ERROR): DB処理でエラーが発生しました。
SQL: [UPDATE dtb_customer SET name01= ?, name02= ?, company_name= ?, kana01= ?, kana02= ?, zip01= ?, zip02= ?, country_id= ?, pref= ?, addr01= ?, addr02= ?, tel01= ?, tel02= ?, tel03= ?, fax01= ?, fax02= ?, fax03= ?, reminder= ?, sex= ?, job= ?, mailmaga_flg= ?, email= ?, nick_name= ?, house_id= ?, dm_id= ?, bijin_id= ?, customer_id= ?, email_mobile= ?, status= ?, note= ?, point= ?, update_date= CURRENT_TIMESTAMP WHERE customer_id = ? ]
MDB2 Error: no such field
prepare: [Error message: Unable to create prepared statement handle]
[Last executed query: DEALLOCATE PREPARE mdb2_statement_mysqli_1059f1b21a005b14df3cffb5115c3e7f03993939b5]
[Native code: 1054]
[Native message: Unknown column 'bijin_id' in 'field list']
 on [/Applications/XAMPP/xamppfiles/htdocs/ec-cube2/data/class/SC_Query.php(1106)] from ::1
login_id = pugachev2011(0)[19bd88fe]
/Applications/XAMPP/xamppfiles/htdocs/ec-cube2/html/manage/customer/edit.php(29): LC_Page_Admin_Customer_Edit_Ex->process
/Applications/XAMPP/xamppfiles/htdocs/ec-cube2/data/class_extends/page_extends/admin/customer/LC_Page_Admin_Customer_Edit_Ex.php(54): LC_Page_Admin_Customer_Edit->process
/Applications/XAMPP/xamppfiles/htdocs/ec-cube2/data/class/pages/admin/customer/LC_Page_Admin_Customer_Edit.php(85): LC_Page_Admin_Customer_Edit->action
/Applications/XAMPP/xamppfiles/htdocs/ec-cube2/data/class/pages/admin/customer/LC_Page_Admin_Customer_Edit.php(179): LC_Page_Admin_Customer_Edit->lfRegistData
/Applications/XAMPP/xamppfiles/htdocs/ec-cube2/data/class/pages/admin/customer/LC_Page_Admin_Customer_Edit.php(310): SC_Helper_Customer::sfEditCustomerData
/Applications/XAMPP/xamppfiles/htdocs/ec-cube2/data/class/helper/SC_Helper_Customer.php(111): SC_Query->update
/Applications/XAMPP/xamppfiles/htdocs/ec-cube2/data/class/SC_Query.php(646): SC_Query->query
/Applications/XAMPP/xamppfiles/htdocs/ec-cube2/data/class/SC_Query.php(879): SC_Query->prepare
/Applications/XAMPP/xamppfiles/htdocs/ec-cube2/data/class/SC_Query.php(1035): SC_Query->error
/Applications/XAMPP/xamppfiles/htdocs/ec-cube2/data/class/SC_Query.php(1106): trigger_error
2022/07/20 06:18:56 [/eccube/html/index.php] Fatal error(E_USER_ERROR): DB処理でエラーが発生しました。
SQL: [SET SESSION storage_engine = InnoDB]
MDB2 Error: insufficient permissions
_doConnect: [Error message: Access denied for user 'mtake'@'localhost' (using password: YES)]
[Native code: 1045]
[Native message: Access denied for user 'mtake'@'localhost' (using password: YES)]
 on [/home/ikefuku40/ikefukuro40.tech/public_html/eccube/data/class/SC_Query.php(1106)] from 126.193.26.200
customer_id = 
/home/ikefuku40/ikefukuro40.tech/public_html/eccube/html/index.php(23): require_once
/home/ikefuku40/ikefukuro40.tech/public_html/eccube/html/require.php(35): require_once
/home/ikefuku40/ikefukuro40.tech/public_html/eccube/data/require_base.php(43): SC_SessionFactory_UseCookie->initSession
/home/ikefuku40/ikefukuro40.tech/public_html/eccube/data/class/sessionfactory/SC_SessionFactory_UseCookie.php(72): session_start
(): SC_Helper_Session->sfSessRead
/home/ikefuku40/ikefukuro40.tech/public_html/eccube/data/class/helper/SC_Helper_Session.php(78): SC_Query::getSingletonInstance
/home/ikefuku40/ikefukuro40.tech/public_html/eccube/data/class/SC_Query.php(116): SC_Query->__construct
/home/ikefuku40/ikefukuro40.tech/public_html/eccube/data/class/SC_Query.php(99): SC_DB_DBFactory_MYSQL->initObjQuery
/home/ikefuku40/ikefukuro40.tech/public_html/eccube/data/class/db/dbfactory/SC_DB_DBFactory_MYSQL.php(377): SC_Query->exec
/home/ikefuku40/ikefukuro40.tech/public_html/eccube/data/class/SC_Query.php(266): SC_Query->query
/home/ikefuku40/ikefukuro40.tech/public_html/eccube/data/class/SC_Query.php(879): SC_Query->prepare
/home/ikefuku40/ikefukuro40.tech/public_html/eccube/data/class/SC_Query.php(1035): SC_Query->error
/home/ikefuku40/ikefukuro40.tech/public_html/eccube/data/class/SC_Query.php(1106): trigger_error
2022/07/20 12:39:49 [/eccube/html/products/detail.php] Warning(E_WARNING): count(): Parameter must be an array or an object that implements Countable on [/home/ikefuku40/ikefukuro40.tech/public_html/eccube/data/class/SC_Product.php(782)] from 160.86.225.162
2022/07/23 10:04:39 [/eccube/html/products/detail.php] Warning(E_WARNING): count(): Parameter must be an array or an object that implements Countable on [/home/ikefuku40/ikefukuro40.tech/public_html/eccube/data/class/SC_Product.php(782)] from 126.95.150.217
2022/07/24 20:03:00 [/eccube/html/products/detail.php] Warning(E_WARNING): count(): Parameter must be an array or an object that implements Countable on [/Applications/XAMPP/xamppfiles/htdocs/eccube/data/class/SC_Product.php(782)] from ::1
2022/07/31 10:20:17 [/eccube/html/manage/products/product.php] Warning(E_WARNING): count(): Parameter must be an array or an object that implements Countable on [/Applications/XAMPP/xamppfiles/htdocs/eccube/data/class/SC_Product.php(782)] from ::1
2022/07/31 20:33:23 [/eccube/html/manage/customer/edit.php] Fatal error(E_ERROR): Uncaught Error: Call to a member function getHiddenFileList() on null in /Applications/XAMPP/xamppfiles/htdocs/eccube/data/class/pages/admin/customer/LC_Page_Admin_Customer_Edit.php:532
Stack trace:
#0 /Applications/XAMPP/xamppfiles/htdocs/eccube/data/class/pages/admin/customer/LC_Page_Admin_Customer_Edit.php(222): LC_Page_Admin_Customer_Edit->lfSetViewParam_InputPage(Object(SC_UploadFile_Ex), NULL, Array)
#1 /Applications/XAMPP/xamppfiles/htdocs/eccube/data/class/pages/admin/customer/LC_Page_Admin_Customer_Edit.php(86): LC_Page_Admin_Customer_Edit->action()
#2 /Applications/XAMPP/xamppfiles/htdocs/eccube/data/class_extends/page_extends/admin/customer/LC_Page_Admin_Customer_Edit_Ex.php(54): LC_Page_Admin_Customer_Edit->process()
#3 /Applications/XAMPP/xamppfiles/htdocs/eccube/html/manage/customer/edit.php(29): LC_Page_Admin_Customer_Edit_Ex->process()
#4 {main}
  thrown on [/Applications/XAMPP/xamppfiles/htdocs/eccube/data/class/pages/admin/customer/LC_Page_Admin_Customer_Edit.php(532)] from ::1
login_id = pugachev2011(0)[dc03de0c]
2022/07/31 20:43:17 [/eccube/html/manage/products/product.php] Fatal error(E_ERROR): Uncaught Error: Cannot use object of type SC_FormParam_Ex as array in /Applications/XAMPP/xamppfiles/htdocs/eccube/data/class/pages/admin/products/LC_Page_Admin_Products_Product.php:202
Stack trace:
#0 /Applications/XAMPP/xamppfiles/htdocs/eccube/data/class/pages/admin/products/LC_Page_Admin_Products_Product.php(74): LC_Page_Admin_Products_Product->action()
#1 /Applications/XAMPP/xamppfiles/htdocs/eccube/data/class_extends/page_extends/admin/products/LC_Page_Admin_Products_Product_Ex.php(54): LC_Page_Admin_Products_Product->process()
#2 /Applications/XAMPP/xamppfiles/htdocs/eccube/html/manage/products/product.php(29): LC_Page_Admin_Products_Product_Ex->process()
#3 {main}
  thrown on [/Applications/XAMPP/xamppfiles/htdocs/eccube/data/class/pages/admin/products/LC_Page_Admin_Products_Product.php(202)] from ::1
login_id = pugachev2011(0)[dc03de0c]
2022/07/31 20:59:25 [/eccube/html/manage/customer/edit.php] Fatal error(E_ERROR): Uncaught Error: Call to a member function getHiddenFileList() on null in /Applications/XAMPP/xamppfiles/htdocs/eccube/data/class/pages/admin/customer/LC_Page_Admin_Customer_Edit.php:532
Stack trace:
#0 /Applications/XAMPP/xamppfiles/htdocs/eccube/data/class/pages/admin/customer/LC_Page_Admin_Customer_Edit.php(222): LC_Page_Admin_Customer_Edit->lfSetViewParam_InputPage(Object(SC_UploadFile_Ex), NULL, Array)
#1 /Applications/XAMPP/xamppfiles/htdocs/eccube/data/class/pages/admin/customer/LC_Page_Admin_Customer_Edit.php(86): LC_Page_Admin_Customer_Edit->action()
#2 /Applications/XAMPP/xamppfiles/htdocs/eccube/data/class_extends/page_extends/admin/customer/LC_Page_Admin_Customer_Edit_Ex.php(54): LC_Page_Admin_Customer_Edit->process()
#3 /Applications/XAMPP/xamppfiles/htdocs/eccube/html/manage/customer/edit.php(29): LC_Page_Admin_Customer_Edit_Ex->process()
#4 {main}
  thrown on [/Applications/XAMPP/xamppfiles/htdocs/eccube/data/class/pages/admin/customer/LC_Page_Admin_Customer_Edit.php(532)] from ::1
login_id = pugachev2011(0)[dc03de0c]
2022/07/31 21:09:50 [/eccube/html/manage/customer/edit.php] Fatal error(E_ERROR): Uncaught Error: Call to a member function getHiddenFileList() on null in /Applications/XAMPP/xamppfiles/htdocs/eccube/data/class/pages/admin/customer/LC_Page_Admin_Customer_Edit.php:534
Stack trace:
#0 /Applications/XAMPP/xamppfiles/htdocs/eccube/data/class/pages/admin/customer/LC_Page_Admin_Customer_Edit.php(222): LC_Page_Admin_Customer_Edit->lfSetViewParam_InputPage(Object(SC_UploadFile_Ex), NULL, Array)
#1 /Applications/XAMPP/xamppfiles/htdocs/eccube/data/class/pages/admin/customer/LC_Page_Admin_Customer_Edit.php(86): LC_Page_Admin_Customer_Edit->action()
#2 /Applications/XAMPP/xamppfiles/htdocs/eccube/data/class_extends/page_extends/admin/customer/LC_Page_Admin_Customer_Edit_Ex.php(54): LC_Page_Admin_Customer_Edit->process()
#3 /Applications/XAMPP/xamppfiles/htdocs/eccube/html/manage/customer/edit.php(29): LC_Page_Admin_Customer_Edit_Ex->process()
#4 {main}
  thrown on [/Applications/XAMPP/xamppfiles/htdocs/eccube/data/class/pages/admin/customer/LC_Page_Admin_Customer_Edit.php(534)] from ::1
login_id = pugachev2011(0)[dc03de0c]
2022/07/31 21:26:18 [/eccube/html/manage/customer/edit.php] Fatal error(E_ERROR): Uncaught Error: Call to a member function getHiddenFileList() on null in /Applications/XAMPP/xamppfiles/htdocs/eccube/data/class/pages/admin/customer/LC_Page_Admin_Customer_Edit.php:532
Stack trace:
#0 /Applications/XAMPP/xamppfiles/htdocs/eccube/data/class/pages/admin/customer/LC_Page_Admin_Customer_Edit.php(222): LC_Page_Admin_Customer_Edit->lfSetViewParam_InputPage(Object(SC_UploadFile_Ex), NULL, Array)
#1 /Applications/XAMPP/xamppfiles/htdocs/eccube/data/class/pages/admin/customer/LC_Page_Admin_Customer_Edit.php(86): LC_Page_Admin_Customer_Edit->action()
#2 /Applications/XAMPP/xamppfiles/htdocs/eccube/data/class_extends/page_extends/admin/customer/LC_Page_Admin_Customer_Edit_Ex.php(54): LC_Page_Admin_Customer_Edit->process()
#3 /Applications/XAMPP/xamppfiles/htdocs/eccube/html/manage/customer/edit.php(29): LC_Page_Admin_Customer_Edit_Ex->process()
#4 {main}
  thrown on [/Applications/XAMPP/xamppfiles/htdocs/eccube/data/class/pages/admin/customer/LC_Page_Admin_Customer_Edit.php(532)] from ::1
login_id = pugachev2011(0)[dc03de0c]
2022/07/31 21:29:29 [/eccube/html/manage/customer/edit.php] Fatal error(E_ERROR): Uncaught Error: Call to a member function getHiddenFileList() on null in /Applications/XAMPP/xamppfiles/htdocs/eccube/data/class/pages/admin/customer/LC_Page_Admin_Customer_Edit.php:532
Stack trace:
#0 /Applications/XAMPP/xamppfiles/htdocs/eccube/data/class/pages/admin/customer/LC_Page_Admin_Customer_Edit.php(222): LC_Page_Admin_Customer_Edit->lfSetViewParam_InputPage(Object(SC_UploadFile_Ex), NULL, Array)
#1 /Applications/XAMPP/xamppfiles/htdocs/eccube/data/class/pages/admin/customer/LC_Page_Admin_Customer_Edit.php(86): LC_Page_Admin_Customer_Edit->action()
#2 /Applications/XAMPP/xamppfiles/htdocs/eccube/data/class_extends/page_extends/admin/customer/LC_Page_Admin_Customer_Edit_Ex.php(54): LC_Page_Admin_Customer_Edit->process()
#3 /Applications/XAMPP/xamppfiles/htdocs/eccube/html/manage/customer/edit.php(29): LC_Page_Admin_Customer_Edit_Ex->process()
#4 {main}
  thrown on [/Applications/XAMPP/xamppfiles/htdocs/eccube/data/class/pages/admin/customer/LC_Page_Admin_Customer_Edit.php(532)] from ::1
login_id = pugachev2011(0)[dc03de0c]
2022/07/31 21:37:26 [/eccube/html/manage/customer/edit.php] Fatal error(E_ERROR): Uncaught Error: Call to a member function getHiddenFileList() on null in /Applications/XAMPP/xamppfiles/htdocs/eccube/data/class/pages/admin/customer/LC_Page_Admin_Customer_Edit.php:532
Stack trace:
#0 /Applications/XAMPP/xamppfiles/htdocs/eccube/data/class/pages/admin/customer/LC_Page_Admin_Customer_Edit.php(222): LC_Page_Admin_Customer_Edit->lfSetViewParam_InputPage(Object(SC_UploadFile_Ex), NULL, Array)
#1 /Applications/XAMPP/xamppfiles/htdocs/eccube/data/class/pages/admin/customer/LC_Page_Admin_Customer_Edit.php(86): LC_Page_Admin_Customer_Edit->action()
#2 /Applications/XAMPP/xamppfiles/htdocs/eccube/data/class_extends/page_extends/admin/customer/LC_Page_Admin_Customer_Edit_Ex.php(54): LC_Page_Admin_Customer_Edit->process()
#3 /Applications/XAMPP/xamppfiles/htdocs/eccube/html/manage/customer/edit.php(29): LC_Page_Admin_Customer_Edit_Ex->process()
#4 {main}
  thrown on [/Applications/XAMPP/xamppfiles/htdocs/eccube/data/class/pages/admin/customer/LC_Page_Admin_Customer_Edit.php(532)] from ::1
login_id = pugachev2011(0)[dc03de0c]
2022/07/31 21:51:14 [/eccube/html/manage/customer/edit.php] Fatal error(E_ERROR): Uncaught Error: Call to a member function getHiddenFileList() on null in /Applications/XAMPP/xamppfiles/htdocs/eccube/data/class/pages/admin/customer/LC_Page_Admin_Customer_Edit.php:532
Stack trace:
#0 /Applications/XAMPP/xamppfiles/htdocs/eccube/data/class/pages/admin/customer/LC_Page_Admin_Customer_Edit.php(222): LC_Page_Admin_Customer_Edit->lfSetViewParam_InputPage(Object(SC_UploadFile_Ex), NULL, Array)
#1 /Applications/XAMPP/xamppfiles/htdocs/eccube/data/class/pages/admin/customer/LC_Page_Admin_Customer_Edit.php(86): LC_Page_Admin_Customer_Edit->action()
#2 /Applications/XAMPP/xamppfiles/htdocs/eccube/data/class_extends/page_extends/admin/customer/LC_Page_Admin_Customer_Edit_Ex.php(54): LC_Page_Admin_Customer_Edit->process()
#3 /Applications/XAMPP/xamppfiles/htdocs/eccube/html/manage/customer/edit.php(29): LC_Page_Admin_Customer_Edit_Ex->process()
#4 {main}
  thrown on [/Applications/XAMPP/xamppfiles/htdocs/eccube/data/class/pages/admin/customer/LC_Page_Admin_Customer_Edit.php(532)] from ::1
login_id = pugachev2011(0)[dc03de0c]
2022/07/31 21:55:25 [/eccube/html/manage/customer/edit.php] Fatal error(E_ERROR): Uncaught Error: Call to a member function getHiddenFileList() on null in /Applications/XAMPP/xamppfiles/htdocs/eccube/data/class/pages/admin/customer/LC_Page_Admin_Customer_Edit.php:509
Stack trace:
#0 /Applications/XAMPP/xamppfiles/htdocs/eccube/data/class/pages/admin/customer/LC_Page_Admin_Customer_Edit.php(222): LC_Page_Admin_Customer_Edit->lfSetViewParam_InputPage(Object(SC_UploadFile_Ex), NULL, Array)
#1 /Applications/XAMPP/xamppfiles/htdocs/eccube/data/class/pages/admin/customer/LC_Page_Admin_Customer_Edit.php(86): LC_Page_Admin_Customer_Edit->action()
#2 /Applications/XAMPP/xamppfiles/htdocs/eccube/data/class_extends/page_extends/admin/customer/LC_Page_Admin_Customer_Edit_Ex.php(54): LC_Page_Admin_Customer_Edit->process()
#3 /Applications/XAMPP/xamppfiles/htdocs/eccube/html/manage/customer/edit.php(29): LC_Page_Admin_Customer_Edit_Ex->process()
#4 {main}
  thrown on [/Applications/XAMPP/xamppfiles/htdocs/eccube/data/class/pages/admin/customer/LC_Page_Admin_Customer_Edit.php(509)] from ::1
login_id = pugachev2011(0)[dc03de0c]
2022/07/31 22:11:01 [/eccube/html/manage/customer/edit.php] Fatal error(E_ERROR): Uncaught ArgumentCountError: Too few arguments to function LC_Page_Admin_Customer_Edit::lfInitParam(), 1 passed in /Applications/XAMPP/xamppfiles/htdocs/eccube/data/class/pages/admin/customer/LC_Page_Admin_Customer_Edit.php on line 228 and exactly 2 expected in /Applications/XAMPP/xamppfiles/htdocs/eccube/data/class/pages/admin/customer/LC_Page_Admin_Customer_Edit.php:257
Stack trace:
#0 /Applications/XAMPP/xamppfiles/htdocs/eccube/data/class/pages/admin/customer/LC_Page_Admin_Customer_Edit.php(228): LC_Page_Admin_Customer_Edit->lfInitParam(Object(SC_FormParam_Ex))
#1 /Applications/XAMPP/xamppfiles/htdocs/eccube/data/class/pages/admin/customer/LC_Page_Admin_Customer_Edit.php(86): LC_Page_Admin_Customer_Edit->action()
#2 /Applications/XAMPP/xamppfiles/htdocs/eccube/data/class_extends/page_extends/admin/customer/LC_Page_Admin_Customer_Edit_Ex.php(54): LC_Page_Admin_Customer_Edit->process()
#3 /Applications/XAMPP/xamppfiles/htdocs/eccube/html/manage/customer/edit.php(29): LC_Page_Admin_Customer_Edit_Ex->process( on [/Applications/XAMPP/xamppfiles/htdocs/eccube/data/class/pages/admin/customer/LC_Page_Admin_Customer_Edit.php(257)] from ::1
login_id = pugachev2011(0)[dc03de0c]
2022/07/31 22:11:29 [/eccube/html/manage/customer/edit.php] Fatal error(E_ERROR): Uncaught ArgumentCountError: Too few arguments to function LC_Page_Admin_Customer_Edit::lfInitParam(), 1 passed in /Applications/XAMPP/xamppfiles/htdocs/eccube/data/class/pages/admin/customer/LC_Page_Admin_Customer_Edit.php on line 228 and exactly 2 expected in /Applications/XAMPP/xamppfiles/htdocs/eccube/data/class/pages/admin/customer/LC_Page_Admin_Customer_Edit.php:257
Stack trace:
#0 /Applications/XAMPP/xamppfiles/htdocs/eccube/data/class/pages/admin/customer/LC_Page_Admin_Customer_Edit.php(228): LC_Page_Admin_Customer_Edit->lfInitParam(Object(SC_FormParam_Ex))
#1 /Applications/XAMPP/xamppfiles/htdocs/eccube/data/class/pages/admin/customer/LC_Page_Admin_Customer_Edit.php(86): LC_Page_Admin_Customer_Edit->action()
#2 /Applications/XAMPP/xamppfiles/htdocs/eccube/data/class_extends/page_extends/admin/customer/LC_Page_Admin_Customer_Edit_Ex.php(54): LC_Page_Admin_Customer_Edit->process()
#3 /Applications/XAMPP/xamppfiles/htdocs/eccube/html/manage/customer/edit.php(29): LC_Page_Admin_Customer_Edit_Ex->process( on [/Applications/XAMPP/xamppfiles/htdocs/eccube/data/class/pages/admin/customer/LC_Page_Admin_Customer_Edit.php(257)] from ::1
login_id = pugachev2011(0)[b12e69df]
2022/07/31 22:13:48 [/eccube/html/manage/customer/edit.php] Fatal error(E_ERROR): Uncaught Error: Call to a member function getHiddenFileList() on null in /Applications/XAMPP/xamppfiles/htdocs/eccube/data/class/pages/admin/customer/LC_Page_Admin_Customer_Edit.php:509
Stack trace:
#0 /Applications/XAMPP/xamppfiles/htdocs/eccube/data/class/pages/admin/customer/LC_Page_Admin_Customer_Edit.php(222): LC_Page_Admin_Customer_Edit->lfSetViewParam_InputPage(Object(SC_UploadFile_Ex), NULL, Array)
#1 /Applications/XAMPP/xamppfiles/htdocs/eccube/data/class/pages/admin/customer/LC_Page_Admin_Customer_Edit.php(86): LC_Page_Admin_Customer_Edit->action()
#2 /Applications/XAMPP/xamppfiles/htdocs/eccube/data/class_extends/page_extends/admin/customer/LC_Page_Admin_Customer_Edit_Ex.php(54): LC_Page_Admin_Customer_Edit->process()
#3 /Applications/XAMPP/xamppfiles/htdocs/eccube/html/manage/customer/edit.php(29): LC_Page_Admin_Customer_Edit_Ex->process()
#4 {main}
  thrown on [/Applications/XAMPP/xamppfiles/htdocs/eccube/data/class/pages/admin/customer/LC_Page_Admin_Customer_Edit.php(509)] from ::1
login_id = pugachev2011(0)[b12e69df]
2022/07/31 22:29:06 [/eccube/html/manage/customer/edit.php] Fatal error(E_ERROR): Uncaught Error: Call to undefined method LC_Page_Admin_Ex::lfInitParam() in /Applications/XAMPP/xamppfiles/htdocs/eccube/data/class/pages/admin/customer/LC_Page_Admin_Customer_Edit.php:605
Stack trace:
#0 /Applications/XAMPP/xamppfiles/htdocs/eccube/data/class/pages/admin/customer/LC_Page_Admin_Customer_Edit.php(107): LC_Page_Admin_Customer_Edit->lfGetSearchParam(Array)
#1 /Applications/XAMPP/xamppfiles/htdocs/eccube/data/class/pages/admin/customer/LC_Page_Admin_Customer_Edit.php(86): LC_Page_Admin_Customer_Edit->action()
#2 /Applications/XAMPP/xamppfiles/htdocs/eccube/data/class_extends/page_extends/admin/customer/LC_Page_Admin_Customer_Edit_Ex.php(54): LC_Page_Admin_Customer_Edit->process()
#3 /Applications/XAMPP/xamppfiles/htdocs/eccube/html/manage/customer/edit.php(29): LC_Page_Admin_Customer_Edit_Ex->process()
#4 {main}
  thrown on [/Applications/XAMPP/xamppfiles/htdocs/eccube/data/class/pages/admin/customer/LC_Page_Admin_Customer_Edit.php(605)] from ::1
login_id = pugachev2011(0)[b12e69df]
2022/07/31 22:29:14 [/eccube/html/manage/customer/edit.php] Fatal error(E_ERROR): Uncaught Error: Call to undefined method LC_Page_Admin_Ex::lfInitParam() in /Applications/XAMPP/xamppfiles/htdocs/eccube/data/class/pages/admin/customer/LC_Page_Admin_Customer_Edit.php:605
Stack trace:
#0 /Applications/XAMPP/xamppfiles/htdocs/eccube/data/class/pages/admin/customer/LC_Page_Admin_Customer_Edit.php(107): LC_Page_Admin_Customer_Edit->lfGetSearchParam(Array)
#1 /Applications/XAMPP/xamppfiles/htdocs/eccube/data/class/pages/admin/customer/LC_Page_Admin_Customer_Edit.php(86): LC_Page_Admin_Customer_Edit->action()
#2 /Applications/XAMPP/xamppfiles/htdocs/eccube/data/class_extends/page_extends/admin/customer/LC_Page_Admin_Customer_Edit_Ex.php(54): LC_Page_Admin_Customer_Edit->process()
#3 /Applications/XAMPP/xamppfiles/htdocs/eccube/html/manage/customer/edit.php(29): LC_Page_Admin_Customer_Edit_Ex->process()
#4 {main}
  thrown on [/Applications/XAMPP/xamppfiles/htdocs/eccube/data/class/pages/admin/customer/LC_Page_Admin_Customer_Edit.php(605)] from ::1
login_id = pugachev2011(0)[b12e69df]
2022/07/31 22:46:22 [/eccube/html/manage/customer/edit.php] Fatal error(E_ERROR): Uncaught Error: Call to a member function getHiddenFileList() on null in /Applications/XAMPP/xamppfiles/htdocs/eccube/data/class/pages/admin/customer/LC_Page_Admin_Customer_Edit.php:503
Stack trace:
#0 /Applications/XAMPP/xamppfiles/htdocs/eccube/data/class/pages/admin/customer/LC_Page_Admin_Customer_Edit.php(225): LC_Page_Admin_Customer_Edit->lfSetViewParam_InputPage(Object(SC_UploadFile_Ex), NULL, Array)
#1 /Applications/XAMPP/xamppfiles/htdocs/eccube/data/class/pages/admin/customer/LC_Page_Admin_Customer_Edit.php(86): LC_Page_Admin_Customer_Edit->action()
#2 /Applications/XAMPP/xamppfiles/htdocs/eccube/data/class_extends/page_extends/admin/customer/LC_Page_Admin_Customer_Edit_Ex.php(54): LC_Page_Admin_Customer_Edit->process()
#3 /Applications/XAMPP/xamppfiles/htdocs/eccube/html/manage/customer/edit.php(29): LC_Page_Admin_Customer_Edit_Ex->process()
#4 {main}
  thrown on [/Applications/XAMPP/xamppfiles/htdocs/eccube/data/class/pages/admin/customer/LC_Page_Admin_Customer_Edit.php(503)] from ::1
login_id = pugachev2011(0)[b12e69df]
2022/08/01 07:19:11 [/eccube/html/manage/customer/edit.php] Fatal error(E_ERROR): Uncaught Error: Call to a member function getHiddenFileList() on null in /Applications/XAMPP/xamppfiles/htdocs/eccube/data/class/pages/admin/customer/LC_Page_Admin_Customer_Edit.php:503
Stack trace:
#0 /Applications/XAMPP/xamppfiles/htdocs/eccube/data/class/pages/admin/customer/LC_Page_Admin_Customer_Edit.php(225): LC_Page_Admin_Customer_Edit->lfSetViewParam_InputPage(Object(SC_UploadFile_Ex), NULL, Array)
#1 /Applications/XAMPP/xamppfiles/htdocs/eccube/data/class/pages/admin/customer/LC_Page_Admin_Customer_Edit.php(86): LC_Page_Admin_Customer_Edit->action()
#2 /Applications/XAMPP/xamppfiles/htdocs/eccube/data/class_extends/page_extends/admin/customer/LC_Page_Admin_Customer_Edit_Ex.php(54): LC_Page_Admin_Customer_Edit->process()
#3 /Applications/XAMPP/xamppfiles/htdocs/eccube/html/manage/customer/edit.php(29): LC_Page_Admin_Customer_Edit_Ex->process()
#4 {main}
  thrown on [/Applications/XAMPP/xamppfiles/htdocs/eccube/data/class/pages/admin/customer/LC_Page_Admin_Customer_Edit.php(503)] from ::1
login_id = pugachev2011(0)[b12e69df]
2022/08/01 07:25:55 [/eccube/html/manage/customer/edit.php] Fatal error(E_USER_ERROR): DB処理でエラーが発生しました。
SQL: [UPDATE dtb_customer SET name01= ?, name02= ?, company_name= ?, kana01= ?, kana02= ?, zip01= ?, zip02= ?, country_id= ?, pref= ?, addr01= ?, addr02= ?, tel01= ?, tel02= ?, tel03= ?, fax01= ?, fax02= ?, fax03= ?, save_main_list_image= ?, save_main_image= ?, save_main_large_image= ?, temp_main_list_image= ?, temp_main_image= ?, temp_main_large_image= ?, image_key= ?, reminder= ?, sex= ?, job= ?, mailmaga_flg= ?, email= ?, nick_name= ?, house_id= ?, dm_id= ?, bijin_id= ?, married_id= ?, customer_id= ?, email_mobile= ?, status= ?, note= ?, point= ?, update_date= CURRENT_TIMESTAMP WHERE customer_id = ? ]
MDB2 Error: no such field
prepare: [Error message: Unable to create prepared statement handle]
[Last executed query: DEALLOCATE PREPARE mdb2_statement_mysqli_105ea3ac91b8b99c5b1f2293d70ddf45ed3284c7a5]
[Native code: 1054]
[Native message: Unknown column 'save_main_list_image' in 'field list']
 on [/Applications/XAMPP/xamppfiles/htdocs/eccube/data/class/SC_Query.php(1106)] from ::1
login_id = pugachev2011(0)[b12e69df]
/Applications/XAMPP/xamppfiles/htdocs/eccube/html/manage/customer/edit.php(29): LC_Page_Admin_Customer_Edit_Ex->process
/Applications/XAMPP/xamppfiles/htdocs/eccube/data/class_extends/page_extends/admin/customer/LC_Page_Admin_Customer_Edit_Ex.php(54): LC_Page_Admin_Customer_Edit->process
/Applications/XAMPP/xamppfiles/htdocs/eccube/data/class/pages/admin/customer/LC_Page_Admin_Customer_Edit.php(86): LC_Page_Admin_Customer_Edit->action
/Applications/XAMPP/xamppfiles/htdocs/eccube/data/class/pages/admin/customer/LC_Page_Admin_Customer_Edit.php(187): LC_Page_Admin_Customer_Edit->lfRegistData
/Applications/XAMPP/xamppfiles/htdocs/eccube/data/class/pages/admin/customer/LC_Page_Admin_Customer_Edit.php(361): SC_Helper_Customer::sfEditCustomerData
/Applications/XAMPP/xamppfiles/htdocs/eccube/data/class/helper/SC_Helper_Customer.php(111): SC_Query->update
/Applications/XAMPP/xamppfiles/htdocs/eccube/data/class/SC_Query.php(646): SC_Query->query
/Applications/XAMPP/xamppfiles/htdocs/eccube/data/class/SC_Query.php(879): SC_Query->prepare
/Applications/XAMPP/xamppfiles/htdocs/eccube/data/class/SC_Query.php(1035): SC_Query->error
/Applications/XAMPP/xamppfiles/htdocs/eccube/data/class/SC_Query.php(1106): trigger_error
2022/08/01 07:31:25 [/eccube/html/manage/customer/edit.php] Fatal error(E_ERROR): Uncaught Error: Call to undefined method LC_Page_Admin_Customer_Edit_Ex::lfInitFile() in /Applications/XAMPP/xamppfiles/htdocs/eccube/data/class/pages/admin/customer/LC_Page_Admin_Customer_Edit.php:102
Stack trace:
#0 /Applications/XAMPP/xamppfiles/htdocs/eccube/data/class/pages/admin/customer/LC_Page_Admin_Customer_Edit.php(86): LC_Page_Admin_Customer_Edit->action()
#1 /Applications/XAMPP/xamppfiles/htdocs/eccube/data/class_extends/page_extends/admin/customer/LC_Page_Admin_Customer_Edit_Ex.php(54): LC_Page_Admin_Customer_Edit->process()
#2 /Applications/XAMPP/xamppfiles/htdocs/eccube/html/manage/customer/edit.php(29): LC_Page_Admin_Customer_Edit_Ex->process()
#3 {main}
  thrown on [/Applications/XAMPP/xamppfiles/htdocs/eccube/data/class/pages/admin/customer/LC_Page_Admin_Customer_Edit.php(102)] from ::1
login_id = pugachev2011(0)[0b4b2e6c]
2022/08/01 07:32:32 [/eccube/html/manage/customer/edit.php] Fatal error(E_ERROR): Uncaught Error: Call to a member function addParam() on null in /Applications/XAMPP/xamppfiles/htdocs/eccube/data/class/helper/SC_Helper_Customer.php:609
Stack trace:
#0 /Applications/XAMPP/xamppfiles/htdocs/eccube/data/class/pages/admin/customer/LC_Page_Admin_Customer_Edit.php(248): SC_Helper_Customer::sfSetSearchParam(NULL)
#1 /Applications/XAMPP/xamppfiles/htdocs/eccube/data/class/pages/admin/customer/LC_Page_Admin_Customer_Edit.php(113): LC_Page_Admin_Customer_Edit->lfInitSearchParam(NULL)
#2 /Applications/XAMPP/xamppfiles/htdocs/eccube/data/class/pages/admin/customer/LC_Page_Admin_Customer_Edit.php(86): LC_Page_Admin_Customer_Edit->action()
#3 /Applications/XAMPP/xamppfiles/htdocs/eccube/data/class_extends/page_extends/admin/customer/LC_Page_Admin_Customer_Edit_Ex.php(54): LC_Page_Admin_Customer_Edit->process()
#4 /Applications/XAMPP/xamppfiles/htdocs/eccube/html/manage/customer/edit.php(29): LC_Page_Admin_Customer_Edit_Ex->process()
#5 {main}
  thrown on [/Applications/XAMPP/xamppfiles/htdocs/eccube/data/class/helper/SC_Helper_Customer.php(609)] from ::1
login_id = pugachev2011(0)[9cff20d2]
